#-----------------------------------------------------------
# Vivado v2017.2 (64-bit)
# SW Build 1909853 on Thu Jun 15 18:39:09 MDT 2017
# IP Build 1909766 on Thu Jun 15 19:58:00 MDT 2017
# Start of session at: Wed Nov 29 11:46:15 2017
# Process ID: 12112
# Current directory: C:/Users/Alex/Desktop/EE 316/Labs/Lab_6/lab6
# Command line: vivado.exe -gui_launcher_event rodinguilauncherevent17820 C:\Users\Alex\Desktop\EE 316\Labs\Lab_6\lab6\lab6.xpr
# Log file: C:/Users/Alex/Desktop/EE 316/Labs/Lab_6/lab6/vivado.log
# Journal file: C:/Users/Alex/Desktop/EE 316/Labs/Lab_6/lab6\vivado.jou
#-----------------------------------------------------------
start_gui
open_project {C:/Users/Alex/Desktop/EE 316/Labs/Lab_6/lab6/lab6.xpr}
Scanning sources...
Finished scanning sources
INFO: [IP_Flow 19-234] Refreshing IP repositories
INFO: [IP_Flow 19-1704] No user IP repositories specified
INFO: [IP_Flow 19-2313] Loaded Vivado IP repository 'C:/Xilinx/Vivado/2017.2/data/ip'.
update_compile_order -fileset sources_1
update_compile_order -fileset sources_1
update_compile_order -fileset sources_1
import_files -norecurse {{C:/Users/Alex/Desktop/EE 316/Labs/Lab_4/lab4.3/lab4.3.srcs/sources_1/new/hexto7segment.v}}
update_compile_order -fileset sources_1
close [ open {C:/Users/Alex/Desktop/EE 316/Labs/Lab_6/lab6/lab6.srcs/sources_1/new/mode1.v} w ]
add_files {{C:/Users/Alex/Desktop/EE 316/Labs/Lab_6/lab6/lab6.srcs/sources_1/new/mode1.v}}
update_compile_order -fileset sources_1
update_compile_order -fileset sources_1
remove_files  {{C:/Users/Alex/Desktop/EE 316/Labs/Lab_6/lab6/lab6.srcs/sources_1/new/main.v}}
file delete -force {C:/Users/Alex/Desktop/EE 316/Labs/Lab_6/lab6/lab6.srcs/sources_1/new/main.v}
update_compile_order -fileset sources_1
update_compile_order -fileset sources_1
remove_files  {{C:/Users/Alex/Desktop/EE 316/Labs/Lab_6/lab6/lab6.srcs/sources_1/new/sseg_display.v}}
remove_files  {{C:/Users/Alex/Desktop/EE 316/Labs/Lab_6/lab6/lab6.srcs/sources_1/new/state_machine.v}}
remove_files  {{C:/Users/Alex/Desktop/EE 316/Labs/Lab_6/lab6/lab6.srcs/sources_1/new/timer.v}}
remove_files  {{C:/Users/Alex/Desktop/EE 316/Labs/Lab_6/lab6/lab6.srcs/sources_1/imports/new/hexto7segment.v}}
remove_files  {{C:/Users/Alex/Desktop/EE 316/Labs/Lab_6/lab6/lab6.srcs/sources_1/new/counter.v}}
remove_files  {{C:/Users/Alex/Desktop/EE 316/Labs/Lab_6/lab6/lab6.srcs/sources_1/new/clk_div.v}}
update_compile_order -fileset sources_1
launch_runs synth_1 -jobs 8
[Wed Nov 29 12:18:10 2017] Launched synth_1...
Run output will be captured here: C:/Users/Alex/Desktop/EE 316/Labs/Lab_6/lab6/lab6.runs/synth_1/runme.log
launch_runs impl_1 -jobs 8
[Wed Nov 29 12:18:53 2017] Launched impl_1...
Run output will be captured here: C:/Users/Alex/Desktop/EE 316/Labs/Lab_6/lab6/lab6.runs/impl_1/runme.log
launch_runs impl_1 -to_step write_bitstream -jobs 8
[Wed Nov 29 12:19:58 2017] Launched impl_1...
Run output will be captured here: C:/Users/Alex/Desktop/EE 316/Labs/Lab_6/lab6/lab6.runs/impl_1/runme.log
reset_run synth_1
launch_runs impl_1 -to_step write_bitstream -jobs 8
[Wed Nov 29 12:22:06 2017] Launched synth_1...
Run output will be captured here: C:/Users/Alex/Desktop/EE 316/Labs/Lab_6/lab6/lab6.runs/synth_1/runme.log
[Wed Nov 29 12:22:06 2017] Launched impl_1...
Run output will be captured here: C:/Users/Alex/Desktop/EE 316/Labs/Lab_6/lab6/lab6.runs/impl_1/runme.log
reset_run synth_1
launch_runs synth_1 -jobs 8
[Wed Nov 29 12:24:55 2017] Launched synth_1...
Run output will be captured here: C:/Users/Alex/Desktop/EE 316/Labs/Lab_6/lab6/lab6.runs/synth_1/runme.log
launch_runs impl_1 -jobs 8
[Wed Nov 29 12:25:47 2017] Launched impl_1...
Run output will be captured here: C:/Users/Alex/Desktop/EE 316/Labs/Lab_6/lab6/lab6.runs/impl_1/runme.log
launch_runs impl_1 -to_step write_bitstream -jobs 8
[Wed Nov 29 12:26:51 2017] Launched impl_1...
Run output will be captured here: C:/Users/Alex/Desktop/EE 316/Labs/Lab_6/lab6/lab6.runs/impl_1/runme.log
reset_run synth_1
launch_runs synth_1 -jobs 8
[Wed Nov 29 12:31:21 2017] Launched synth_1...
Run output will be captured here: C:/Users/Alex/Desktop/EE 316/Labs/Lab_6/lab6/lab6.runs/synth_1/runme.log
launch_runs impl_1 -jobs 8
[Wed Nov 29 12:32:56 2017] Launched impl_1...
Run output will be captured here: C:/Users/Alex/Desktop/EE 316/Labs/Lab_6/lab6/lab6.runs/impl_1/runme.log
launch_runs impl_1 -to_step write_bitstream -jobs 8
[Wed Nov 29 12:33:59 2017] Launched impl_1...
Run output will be captured here: C:/Users/Alex/Desktop/EE 316/Labs/Lab_6/lab6/lab6.runs/impl_1/runme.log
open_hw
connect_hw_server
INFO: [Labtools 27-2285] Connecting to hw_server url TCP:localhost:3121
open_hw_target
INFO: [Labtoolstcl 44-466] Opening hw_target localhost:3121/xilinx_tcf/Digilent/210183735808A
set_property PROGRAM.FILE {C:/Users/Alex/Desktop/EE 316/Labs/Lab_6/lab6/lab6.runs/impl_1/mode1.bit} [get_hw_devices xc7a35t_0]
current_hw_device [get_hw_devices xc7a35t_0]
refresh_hw_device -update_hw_probes false [lindex [get_hw_devices xc7a35t_0] 0]
INFO: [Labtools 27-1434] Device xc7a35t (JTAG device index = 0) is programmed with a design that has no supported debug core(s) in it.
WARNING: [Labtools 27-3361] The debug hub core was not detected.
Resolution: 
1. Make sure the clock connected to the debug hub (dbg_hub) core is a free running clock and is active.
2. Make sure the BSCAN_SWITCH_USER_MASK device property in Vivado Hardware Manager reflects the user scan chain setting in the design and refresh the device.  To determine the user scan chain setting in the design, open the implemented design and use 'get_property C_USER_SCAN_CHAIN [get_debug_cores dbg_hub]'.
For more details on setting the scan chain property, consult the Vivado Debug and Programming User Guide (UG908).
set_property PROBES.FILE {} [get_hw_devices xc7a35t_0]
set_property FULL_PROBES.FILE {} [get_hw_devices xc7a35t_0]
set_property PROGRAM.FILE {C:/Users/Alex/Desktop/EE 316/Labs/Lab_6/lab6/lab6.runs/impl_1/mode1.bit} [get_hw_devices xc7a35t_0]
program_hw_devices [get_hw_devices xc7a35t_0]
INFO: [Labtools 27-3164] End of startup status: HIGH
refresh_hw_device [lindex [get_hw_devices xc7a35t_0] 0]
INFO: [Labtools 27-1434] Device xc7a35t (JTAG device index = 0) is programmed with a design that has no supported debug core(s) in it.
WARNING: [Labtools 27-3361] The debug hub core was not detected.
Resolution: 
1. Make sure the clock connected to the debug hub (dbg_hub) core is a free running clock and is active.
2. Make sure the BSCAN_SWITCH_USER_MASK device property in Vivado Hardware Manager reflects the user scan chain setting in the design and refresh the device.  To determine the user scan chain setting in the design, open the implemented design and use 'get_property C_USER_SCAN_CHAIN [get_debug_cores dbg_hub]'.
For more details on setting the scan chain property, consult the Vivado Debug and Programming User Guide (UG908).
reset_run synth_1
launch_runs synth_1 -jobs 8
[Wed Nov 29 12:42:35 2017] Launched synth_1...
Run output will be captured here: C:/Users/Alex/Desktop/EE 316/Labs/Lab_6/lab6/lab6.runs/synth_1/runme.log
launch_runs impl_1 -jobs 8
[Wed Nov 29 12:43:10 2017] Launched impl_1...
Run output will be captured here: C:/Users/Alex/Desktop/EE 316/Labs/Lab_6/lab6/lab6.runs/impl_1/runme.log
reset_run synth_1
launch_runs synth_1 -jobs 8
[Wed Nov 29 12:46:39 2017] Launched synth_1...
Run output will be captured here: C:/Users/Alex/Desktop/EE 316/Labs/Lab_6/lab6/lab6.runs/synth_1/runme.log
launch_runs impl_1 -jobs 8
[Wed Nov 29 12:47:14 2017] Launched impl_1...
Run output will be captured here: C:/Users/Alex/Desktop/EE 316/Labs/Lab_6/lab6/lab6.runs/impl_1/runme.log
launch_runs impl_1 -to_step write_bitstream -jobs 8
[Wed Nov 29 12:48:12 2017] Launched impl_1...
Run output will be captured here: C:/Users/Alex/Desktop/EE 316/Labs/Lab_6/lab6/lab6.runs/impl_1/runme.log
set_property PROBES.FILE {} [get_hw_devices xc7a35t_0]
set_property FULL_PROBES.FILE {} [get_hw_devices xc7a35t_0]
set_property PROGRAM.FILE {C:/Users/Alex/Desktop/EE 316/Labs/Lab_6/lab6/lab6.runs/impl_1/mode1.bit} [get_hw_devices xc7a35t_0]
program_hw_devices [get_hw_devices xc7a35t_0]
INFO: [Labtools 27-3164] End of startup status: HIGH
refresh_hw_device [lindex [get_hw_devices xc7a35t_0] 0]
INFO: [Labtools 27-1434] Device xc7a35t (JTAG device index = 0) is programmed with a design that has no supported debug core(s) in it.
WARNING: [Labtools 27-3361] The debug hub core was not detected.
Resolution: 
1. Make sure the clock connected to the debug hub (dbg_hub) core is a free running clock and is active.
2. Make sure the BSCAN_SWITCH_USER_MASK device property in Vivado Hardware Manager reflects the user scan chain setting in the design and refresh the device.  To determine the user scan chain setting in the design, open the implemented design and use 'get_property C_USER_SCAN_CHAIN [get_debug_cores dbg_hub]'.
For more details on setting the scan chain property, consult the Vivado Debug and Programming User Guide (UG908).
reset_run synth_1
launch_runs impl_1 -to_step write_bitstream -jobs 8
[Wed Nov 29 12:50:33 2017] Launched synth_1...
Run output will be captured here: C:/Users/Alex/Desktop/EE 316/Labs/Lab_6/lab6/lab6.runs/synth_1/runme.log
[Wed Nov 29 12:50:33 2017] Launched impl_1...
Run output will be captured here: C:/Users/Alex/Desktop/EE 316/Labs/Lab_6/lab6/lab6.runs/impl_1/runme.log
set_property PROBES.FILE {} [get_hw_devices xc7a35t_0]
set_property FULL_PROBES.FILE {} [get_hw_devices xc7a35t_0]
set_property PROGRAM.FILE {C:/Users/Alex/Desktop/EE 316/Labs/Lab_6/lab6/lab6.runs/impl_1/mode1.bit} [get_hw_devices xc7a35t_0]
program_hw_devices [get_hw_devices xc7a35t_0]
INFO: [Labtools 27-3164] End of startup status: HIGH
refresh_hw_device [lindex [get_hw_devices xc7a35t_0] 0]
INFO: [Labtools 27-1434] Device xc7a35t (JTAG device index = 0) is programmed with a design that has no supported debug core(s) in it.
WARNING: [Labtools 27-3361] The debug hub core was not detected.
Resolution: 
1. Make sure the clock connected to the debug hub (dbg_hub) core is a free running clock and is active.
2. Make sure the BSCAN_SWITCH_USER_MASK device property in Vivado Hardware Manager reflects the user scan chain setting in the design and refresh the device.  To determine the user scan chain setting in the design, open the implemented design and use 'get_property C_USER_SCAN_CHAIN [get_debug_cores dbg_hub]'.
For more details on setting the scan chain property, consult the Vivado Debug and Programming User Guide (UG908).
reset_run synth_1
launch_runs impl_1 -jobs 8
[Wed Nov 29 12:53:29 2017] Launched synth_1...
Run output will be captured here: C:/Users/Alex/Desktop/EE 316/Labs/Lab_6/lab6/lab6.runs/synth_1/runme.log
[Wed Nov 29 12:53:29 2017] Launched impl_1...
Run output will be captured here: C:/Users/Alex/Desktop/EE 316/Labs/Lab_6/lab6/lab6.runs/impl_1/runme.log
launch_runs impl_1 -to_step write_bitstream -jobs 8
[Wed Nov 29 12:55:05 2017] Launched impl_1...
Run output will be captured here: C:/Users/Alex/Desktop/EE 316/Labs/Lab_6/lab6/lab6.runs/impl_1/runme.log
set_property PROBES.FILE {} [get_hw_devices xc7a35t_0]
set_property FULL_PROBES.FILE {} [get_hw_devices xc7a35t_0]
set_property PROGRAM.FILE {C:/Users/Alex/Desktop/EE 316/Labs/Lab_6/lab6/lab6.runs/impl_1/mode1.bit} [get_hw_devices xc7a35t_0]
program_hw_devices [get_hw_devices xc7a35t_0]
INFO: [Labtools 27-3164] End of startup status: HIGH
refresh_hw_device [lindex [get_hw_devices xc7a35t_0] 0]
INFO: [Labtools 27-1434] Device xc7a35t (JTAG device index = 0) is programmed with a design that has no supported debug core(s) in it.
WARNING: [Labtools 27-3361] The debug hub core was not detected.
Resolution: 
1. Make sure the clock connected to the debug hub (dbg_hub) core is a free running clock and is active.
2. Make sure the BSCAN_SWITCH_USER_MASK device property in Vivado Hardware Manager reflects the user scan chain setting in the design and refresh the device.  To determine the user scan chain setting in the design, open the implemented design and use 'get_property C_USER_SCAN_CHAIN [get_debug_cores dbg_hub]'.
For more details on setting the scan chain property, consult the Vivado Debug and Programming User Guide (UG908).
exit
