
*** Running vivado
    with args -log myAND.vds -m64 -product Vivado -mode batch -messageDb vivado.pb -notrace -source myAND.tcl


****** Vivado v2017.2 (64-bit)
  **** SW Build 1909853 on Thu Jun 15 18:39:09 MDT 2017
  **** IP Build 1909766 on Thu Jun 15 19:58:00 MDT 2017
    ** Copyright 1986-2017 Xilinx, Inc. All Rights Reserved.

source myAND.tcl -notrace
Command: synth_design -top myAND -part xc7a35tcpg236-1
Starting synth_design
Attempting to get a license for feature 'Synthesis' and/or device 'xc7a35t-cpg236'
INFO: [Common 17-349] Got license for feature 'Synthesis' and/or device 'xc7a35t-cpg236'
INFO: Launching helper process for spawning children vivado processes
INFO: Helper process launched with PID 14428 
---------------------------------------------------------------------------------
Starting RTL Elaboration : Time (s): cpu = 00:00:02 ; elapsed = 00:00:03 . Memory (MB): peak = 299.984 ; gain = 77.016
---------------------------------------------------------------------------------
INFO: [Synth 8-638] synthesizing module 'myAND' [C:/Users/Alex/Desktop/EE 316/Labs/Lab_3/Lab_3.srcs/sources_1/new/myAND.v:3]
INFO: [Synth 8-256] done synthesizing module 'myAND' (1#1) [C:/Users/Alex/Desktop/EE 316/Labs/Lab_3/Lab_3.srcs/sources_1/new/myAND.v:3]
---------------------------------------------------------------------------------
Finished RTL Elaboration : Time (s): cpu = 00:00:03 ; elapsed = 00:00:04 . Memory (MB): peak = 339.309 ; gain = 116.340
---------------------------------------------------------------------------------

Report Check Netlist: 
+------+------------------+-------+---------+-------+------------------+
|      |Item              |Errors |Warnings |Status |Description       |
+------+------------------+-------+---------+-------+------------------+
|1     |multi_driven_nets |      0|        0|Passed |Multi driven nets |
+------+------------------+-------+---------+-------+------------------+
---------------------------------------------------------------------------------
Finished RTL Optimization Phase 1 : Time (s): cpu = 00:00:03 ; elapsed = 00:00:04 . Memory (MB): peak = 339.309 ; gain = 116.340
---------------------------------------------------------------------------------
INFO: [Device 21-403] Loading part xc7a35tcpg236-1
INFO: [Project 1-570] Preparing netlist for logic optimization

Processing XDC Constraints
Initializing timing engine
Parsing XDC File [C:/Users/Alex/Desktop/EE 316/Labs/Lab_3/Lab_3.srcs/constrs_1/imports/Labs/Basys3_Master.xdc]
Finished Parsing XDC File [C:/Users/Alex/Desktop/EE 316/Labs/Lab_3/Lab_3.srcs/constrs_1/imports/Labs/Basys3_Master.xdc]
INFO: [Project 1-236] Implementation specific constraints were found while reading constraint file [C:/Users/Alex/Desktop/EE 316/Labs/Lab_3/Lab_3.srcs/constrs_1/imports/Labs/Basys3_Master.xdc]. These constraints will be ignored for synthesis but will be used in implementation. Impacted constraints are listed in the file [.Xil/myAND_propImpl.xdc].
Resolution: To avoid this warning, move constraints listed in [.Xil/myAND_propImpl.xdc] to another XDC file and exclude this new file from synthesis with the used_in_synthesis property (File Properties dialog in GUI) and re-run elaboration/synthesis.
Parsing XDC File [C:/Users/Alex/Desktop/EE 316/Labs/Lab_3/Lab_3.srcs/constrs_1/new/part2.xdc]
WARNING: [Vivado 12-584] No ports matched 'c'. [C:/Users/Alex/Desktop/EE 316/Labs/Lab_3/Lab_3.srcs/constrs_1/new/part2.xdc:2]
CRITICAL WARNING: [Common 17-55] 'set_property' expects at least one object. [C:/Users/Alex/Desktop/EE 316/Labs/Lab_3/Lab_3.srcs/constrs_1/new/part2.xdc:2]
Resolution: If [get_<value>] was used to populate the object, check to make sure this command returns at least one valid object.
WARNING: [Vivado 12-584] No ports matched 'c'. [C:/Users/Alex/Desktop/EE 316/Labs/Lab_3/Lab_3.srcs/constrs_1/new/part2.xdc:3]
CRITICAL WARNING: [Common 17-55] 'set_property' expects at least one object. [C:/Users/Alex/Desktop/EE 316/Labs/Lab_3/Lab_3.srcs/constrs_1/new/part2.xdc:3]
Resolution: If [get_<value>] was used to populate the object, check to make sure this command returns at least one valid object.
WARNING: [Vivado 12-584] No ports matched 'e'. [C:/Users/Alex/Desktop/EE 316/Labs/Lab_3/Lab_3.srcs/constrs_1/new/part2.xdc:8]
CRITICAL WARNING: [Common 17-55] 'set_property' expects at least one object. [C:/Users/Alex/Desktop/EE 316/Labs/Lab_3/Lab_3.srcs/constrs_1/new/part2.xdc:8]
Resolution: If [get_<value>] was used to populate the object, check to make sure this command returns at least one valid object.
WARNING: [Vivado 12-584] No ports matched 'e'. [C:/Users/Alex/Desktop/EE 316/Labs/Lab_3/Lab_3.srcs/constrs_1/new/part2.xdc:9]
CRITICAL WARNING: [Common 17-55] 'set_property' expects at least one object. [C:/Users/Alex/Desktop/EE 316/Labs/Lab_3/Lab_3.srcs/constrs_1/new/part2.xdc:9]
Resolution: If [get_<value>] was used to populate the object, check to make sure this command returns at least one valid object.
WARNING: [Vivado 12-584] No ports matched 'd0'. [C:/Users/Alex/Desktop/EE 316/Labs/Lab_3/Lab_3.srcs/constrs_1/new/part2.xdc:12]
CRITICAL WARNING: [Common 17-55] 'set_property' expects at least one object. [C:/Users/Alex/Desktop/EE 316/Labs/Lab_3/Lab_3.srcs/constrs_1/new/part2.xdc:12]
Resolution: If [get_<value>] was used to populate the object, check to make sure this command returns at least one valid object.
WARNING: [Vivado 12-584] No ports matched 'd0'. [C:/Users/Alex/Desktop/EE 316/Labs/Lab_3/Lab_3.srcs/constrs_1/new/part2.xdc:13]
CRITICAL WARNING: [Common 17-55] 'set_property' expects at least one object. [C:/Users/Alex/Desktop/EE 316/Labs/Lab_3/Lab_3.srcs/constrs_1/new/part2.xdc:13]
Resolution: If [get_<value>] was used to populate the object, check to make sure this command returns at least one valid object.
WARNING: [Vivado 12-584] No ports matched 'd1'. [C:/Users/Alex/Desktop/EE 316/Labs/Lab_3/Lab_3.srcs/constrs_1/new/part2.xdc:14]
CRITICAL WARNING: [Common 17-55] 'set_property' expects at least one object. [C:/Users/Alex/Desktop/EE 316/Labs/Lab_3/Lab_3.srcs/constrs_1/new/part2.xdc:14]
Resolution: If [get_<value>] was used to populate the object, check to make sure this command returns at least one valid object.
WARNING: [Vivado 12-584] No ports matched 'd1'. [C:/Users/Alex/Desktop/EE 316/Labs/Lab_3/Lab_3.srcs/constrs_1/new/part2.xdc:15]
CRITICAL WARNING: [Common 17-55] 'set_property' expects at least one object. [C:/Users/Alex/Desktop/EE 316/Labs/Lab_3/Lab_3.srcs/constrs_1/new/part2.xdc:15]
Resolution: If [get_<value>] was used to populate the object, check to make sure this command returns at least one valid object.
WARNING: [Vivado 12-584] No ports matched 'd2'. [C:/Users/Alex/Desktop/EE 316/Labs/Lab_3/Lab_3.srcs/constrs_1/new/part2.xdc:16]
CRITICAL WARNING: [Common 17-55] 'set_property' expects at least one object. [C:/Users/Alex/Desktop/EE 316/Labs/Lab_3/Lab_3.srcs/constrs_1/new/part2.xdc:16]
Resolution: If [get_<value>] was used to populate the object, check to make sure this command returns at least one valid object.
WARNING: [Vivado 12-584] No ports matched 'd2'. [C:/Users/Alex/Desktop/EE 316/Labs/Lab_3/Lab_3.srcs/constrs_1/new/part2.xdc:17]
CRITICAL WARNING: [Common 17-55] 'set_property' expects at least one object. [C:/Users/Alex/Desktop/EE 316/Labs/Lab_3/Lab_3.srcs/constrs_1/new/part2.xdc:17]
Resolution: If [get_<value>] was used to populate the object, check to make sure this command returns at least one valid object.
WARNING: [Vivado 12-584] No ports matched 'd3'. [C:/Users/Alex/Desktop/EE 316/Labs/Lab_3/Lab_3.srcs/constrs_1/new/part2.xdc:18]
CRITICAL WARNING: [Common 17-55] 'set_property' expects at least one object. [C:/Users/Alex/Desktop/EE 316/Labs/Lab_3/Lab_3.srcs/constrs_1/new/part2.xdc:18]
Resolution: If [get_<value>] was used to populate the object, check to make sure this command returns at least one valid object.
WARNING: [Vivado 12-584] No ports matched 'd3'. [C:/Users/Alex/Desktop/EE 316/Labs/Lab_3/Lab_3.srcs/constrs_1/new/part2.xdc:19]
CRITICAL WARNING: [Common 17-55] 'set_property' expects at least one object. [C:/Users/Alex/Desktop/EE 316/Labs/Lab_3/Lab_3.srcs/constrs_1/new/part2.xdc:19]
Resolution: If [get_<value>] was used to populate the object, check to make sure this command returns at least one valid object.
WARNING: [Vivado 12-584] No ports matched 'd4'. [C:/Users/Alex/Desktop/EE 316/Labs/Lab_3/Lab_3.srcs/constrs_1/new/part2.xdc:20]
CRITICAL WARNING: [Common 17-55] 'set_property' expects at least one object. [C:/Users/Alex/Desktop/EE 316/Labs/Lab_3/Lab_3.srcs/constrs_1/new/part2.xdc:20]
Resolution: If [get_<value>] was used to populate the object, check to make sure this command returns at least one valid object.
WARNING: [Vivado 12-584] No ports matched 'd4'. [C:/Users/Alex/Desktop/EE 316/Labs/Lab_3/Lab_3.srcs/constrs_1/new/part2.xdc:21]
CRITICAL WARNING: [Common 17-55] 'set_property' expects at least one object. [C:/Users/Alex/Desktop/EE 316/Labs/Lab_3/Lab_3.srcs/constrs_1/new/part2.xdc:21]
Resolution: If [get_<value>] was used to populate the object, check to make sure this command returns at least one valid object.
WARNING: [Vivado 12-584] No ports matched 'd5'. [C:/Users/Alex/Desktop/EE 316/Labs/Lab_3/Lab_3.srcs/constrs_1/new/part2.xdc:22]
CRITICAL WARNING: [Common 17-55] 'set_property' expects at least one object. [C:/Users/Alex/Desktop/EE 316/Labs/Lab_3/Lab_3.srcs/constrs_1/new/part2.xdc:22]
Resolution: If [get_<value>] was used to populate the object, check to make sure this command returns at least one valid object.
WARNING: [Vivado 12-584] No ports matched 'd5'. [C:/Users/Alex/Desktop/EE 316/Labs/Lab_3/Lab_3.srcs/constrs_1/new/part2.xdc:23]
CRITICAL WARNING: [Common 17-55] 'set_property' expects at least one object. [C:/Users/Alex/Desktop/EE 316/Labs/Lab_3/Lab_3.srcs/constrs_1/new/part2.xdc:23]
Resolution: If [get_<value>] was used to populate the object, check to make sure this command returns at least one valid object.
WARNING: [Vivado 12-584] No ports matched 'd6'. [C:/Users/Alex/Desktop/EE 316/Labs/Lab_3/Lab_3.srcs/constrs_1/new/part2.xdc:24]
CRITICAL WARNING: [Common 17-55] 'set_property' expects at least one object. [C:/Users/Alex/Desktop/EE 316/Labs/Lab_3/Lab_3.srcs/constrs_1/new/part2.xdc:24]
Resolution: If [get_<value>] was used to populate the object, check to make sure this command returns at least one valid object.
WARNING: [Vivado 12-584] No ports matched 'd6'. [C:/Users/Alex/Desktop/EE 316/Labs/Lab_3/Lab_3.srcs/constrs_1/new/part2.xdc:25]
CRITICAL WARNING: [Common 17-55] 'set_property' expects at least one object. [C:/Users/Alex/Desktop/EE 316/Labs/Lab_3/Lab_3.srcs/constrs_1/new/part2.xdc:25]
Resolution: If [get_<value>] was used to populate the object, check to make sure this command returns at least one valid object.
WARNING: [Vivado 12-584] No ports matched 'd7'. [C:/Users/Alex/Desktop/EE 316/Labs/Lab_3/Lab_3.srcs/constrs_1/new/part2.xdc:26]
CRITICAL WARNING: [Common 17-55] 'set_property' expects at least one object. [C:/Users/Alex/Desktop/EE 316/Labs/Lab_3/Lab_3.srcs/constrs_1/new/part2.xdc:26]
Resolution: If [get_<value>] was used to populate the object, check to make sure this command returns at least one valid object.
WARNING: [Vivado 12-584] No ports matched 'd7'. [C:/Users/Alex/Desktop/EE 316/Labs/Lab_3/Lab_3.srcs/constrs_1/new/part2.xdc:27]
CRITICAL WARNING: [Common 17-55] 'set_property' expects at least one object. [C:/Users/Alex/Desktop/EE 316/Labs/Lab_3/Lab_3.srcs/constrs_1/new/part2.xdc:27]
Resolution: If [get_<value>] was used to populate the object, check to make sure this command returns at least one valid object.
Finished Parsing XDC File [C:/Users/Alex/Desktop/EE 316/Labs/Lab_3/Lab_3.srcs/constrs_1/new/part2.xdc]
INFO: [Project 1-236] Implementation specific constraints were found while reading constraint file [C:/Users/Alex/Desktop/EE 316/Labs/Lab_3/Lab_3.srcs/constrs_1/new/part2.xdc]. These constraints will be ignored for synthesis but will be used in implementation. Impacted constraints are listed in the file [.Xil/myAND_propImpl.xdc].
Resolution: To avoid this warning, move constraints listed in [.Xil/myAND_propImpl.xdc] to another XDC file and exclude this new file from synthesis with the used_in_synthesis property (File Properties dialog in GUI) and re-run elaboration/synthesis.
Parsing XDC File [C:/Users/Alex/Desktop/EE 316/Labs/Lab_3/Lab_3.srcs/constrs_1/new/part3.xdc]
WARNING: [Vivado 12-584] No ports matched 'an0'. [C:/Users/Alex/Desktop/EE 316/Labs/Lab_3/Lab_3.srcs/constrs_1/new/part3.xdc:1]
CRITICAL WARNING: [Common 17-55] 'set_property' expects at least one object. [C:/Users/Alex/Desktop/EE 316/Labs/Lab_3/Lab_3.srcs/constrs_1/new/part3.xdc:1]
Resolution: If [get_<value>] was used to populate the object, check to make sure this command returns at least one valid object.
WARNING: [Vivado 12-584] No ports matched 'an0'. [C:/Users/Alex/Desktop/EE 316/Labs/Lab_3/Lab_3.srcs/constrs_1/new/part3.xdc:2]
CRITICAL WARNING: [Common 17-55] 'set_property' expects at least one object. [C:/Users/Alex/Desktop/EE 316/Labs/Lab_3/Lab_3.srcs/constrs_1/new/part3.xdc:2]
Resolution: If [get_<value>] was used to populate the object, check to make sure this command returns at least one valid object.
WARNING: [Vivado 12-584] No ports matched 'an1'. [C:/Users/Alex/Desktop/EE 316/Labs/Lab_3/Lab_3.srcs/constrs_1/new/part3.xdc:3]
CRITICAL WARNING: [Common 17-55] 'set_property' expects at least one object. [C:/Users/Alex/Desktop/EE 316/Labs/Lab_3/Lab_3.srcs/constrs_1/new/part3.xdc:3]
Resolution: If [get_<value>] was used to populate the object, check to make sure this command returns at least one valid object.
WARNING: [Vivado 12-584] No ports matched 'an1'. [C:/Users/Alex/Desktop/EE 316/Labs/Lab_3/Lab_3.srcs/constrs_1/new/part3.xdc:4]
CRITICAL WARNING: [Common 17-55] 'set_property' expects at least one object. [C:/Users/Alex/Desktop/EE 316/Labs/Lab_3/Lab_3.srcs/constrs_1/new/part3.xdc:4]
Resolution: If [get_<value>] was used to populate the object, check to make sure this command returns at least one valid object.
WARNING: [Vivado 12-584] No ports matched 'an2'. [C:/Users/Alex/Desktop/EE 316/Labs/Lab_3/Lab_3.srcs/constrs_1/new/part3.xdc:5]
CRITICAL WARNING: [Common 17-55] 'set_property' expects at least one object. [C:/Users/Alex/Desktop/EE 316/Labs/Lab_3/Lab_3.srcs/constrs_1/new/part3.xdc:5]
Resolution: If [get_<value>] was used to populate the object, check to make sure this command returns at least one valid object.
WARNING: [Vivado 12-584] No ports matched 'an2'. [C:/Users/Alex/Desktop/EE 316/Labs/Lab_3/Lab_3.srcs/constrs_1/new/part3.xdc:6]
CRITICAL WARNING: [Common 17-55] 'set_property' expects at least one object. [C:/Users/Alex/Desktop/EE 316/Labs/Lab_3/Lab_3.srcs/constrs_1/new/part3.xdc:6]
Resolution: If [get_<value>] was used to populate the object, check to make sure this command returns at least one valid object.
WARNING: [Vivado 12-584] No ports matched 'an3'. [C:/Users/Alex/Desktop/EE 316/Labs/Lab_3/Lab_3.srcs/constrs_1/new/part3.xdc:7]
CRITICAL WARNING: [Common 17-55] 'set_property' expects at least one object. [C:/Users/Alex/Desktop/EE 316/Labs/Lab_3/Lab_3.srcs/constrs_1/new/part3.xdc:7]
Resolution: If [get_<value>] was used to populate the object, check to make sure this command returns at least one valid object.
WARNING: [Vivado 12-584] No ports matched 'an3'. [C:/Users/Alex/Desktop/EE 316/Labs/Lab_3/Lab_3.srcs/constrs_1/new/part3.xdc:8]
CRITICAL WARNING: [Common 17-55] 'set_property' expects at least one object. [C:/Users/Alex/Desktop/EE 316/Labs/Lab_3/Lab_3.srcs/constrs_1/new/part3.xdc:8]
Resolution: If [get_<value>] was used to populate the object, check to make sure this command returns at least one valid object.
WARNING: [Vivado 12-584] No ports matched 'c'. [C:/Users/Alex/Desktop/EE 316/Labs/Lab_3/Lab_3.srcs/constrs_1/new/part3.xdc:15]
CRITICAL WARNING: [Common 17-55] 'set_property' expects at least one object. [C:/Users/Alex/Desktop/EE 316/Labs/Lab_3/Lab_3.srcs/constrs_1/new/part3.xdc:15]
Resolution: If [get_<value>] was used to populate the object, check to make sure this command returns at least one valid object.
WARNING: [Vivado 12-584] No ports matched 'c'. [C:/Users/Alex/Desktop/EE 316/Labs/Lab_3/Lab_3.srcs/constrs_1/new/part3.xdc:16]
CRITICAL WARNING: [Common 17-55] 'set_property' expects at least one object. [C:/Users/Alex/Desktop/EE 316/Labs/Lab_3/Lab_3.srcs/constrs_1/new/part3.xdc:16]
Resolution: If [get_<value>] was used to populate the object, check to make sure this command returns at least one valid object.
WARNING: [Vivado 12-584] No ports matched 'd'. [C:/Users/Alex/Desktop/EE 316/Labs/Lab_3/Lab_3.srcs/constrs_1/new/part3.xdc:17]
CRITICAL WARNING: [Common 17-55] 'set_property' expects at least one object. [C:/Users/Alex/Desktop/EE 316/Labs/Lab_3/Lab_3.srcs/constrs_1/new/part3.xdc:17]
Resolution: If [get_<value>] was used to populate the object, check to make sure this command returns at least one valid object.
WARNING: [Vivado 12-584] No ports matched 'd'. [C:/Users/Alex/Desktop/EE 316/Labs/Lab_3/Lab_3.srcs/constrs_1/new/part3.xdc:18]
CRITICAL WARNING: [Common 17-55] 'set_property' expects at least one object. [C:/Users/Alex/Desktop/EE 316/Labs/Lab_3/Lab_3.srcs/constrs_1/new/part3.xdc:18]
Resolution: If [get_<value>] was used to populate the object, check to make sure this command returns at least one valid object.
WARNING: [Vivado 12-584] No ports matched 'e'. [C:/Users/Alex/Desktop/EE 316/Labs/Lab_3/Lab_3.srcs/constrs_1/new/part3.xdc:19]
CRITICAL WARNING: [Common 17-55] 'set_property' expects at least one object. [C:/Users/Alex/Desktop/EE 316/Labs/Lab_3/Lab_3.srcs/constrs_1/new/part3.xdc:19]
Resolution: If [get_<value>] was used to populate the object, check to make sure this command returns at least one valid object.
WARNING: [Vivado 12-584] No ports matched 'e'. [C:/Users/Alex/Desktop/EE 316/Labs/Lab_3/Lab_3.srcs/constrs_1/new/part3.xdc:20]
CRITICAL WARNING: [Common 17-55] 'set_property' expects at least one object. [C:/Users/Alex/Desktop/EE 316/Labs/Lab_3/Lab_3.srcs/constrs_1/new/part3.xdc:20]
Resolution: If [get_<value>] was used to populate the object, check to make sure this command returns at least one valid object.
WARNING: [Vivado 12-584] No ports matched 'f'. [C:/Users/Alex/Desktop/EE 316/Labs/Lab_3/Lab_3.srcs/constrs_1/new/part3.xdc:21]
CRITICAL WARNING: [Common 17-55] 'set_property' expects at least one object. [C:/Users/Alex/Desktop/EE 316/Labs/Lab_3/Lab_3.srcs/constrs_1/new/part3.xdc:21]
Resolution: If [get_<value>] was used to populate the object, check to make sure this command returns at least one valid object.
WARNING: [Vivado 12-584] No ports matched 'f'. [C:/Users/Alex/Desktop/EE 316/Labs/Lab_3/Lab_3.srcs/constrs_1/new/part3.xdc:22]
CRITICAL WARNING: [Common 17-55] 'set_property' expects at least one object. [C:/Users/Alex/Desktop/EE 316/Labs/Lab_3/Lab_3.srcs/constrs_1/new/part3.xdc:22]
Resolution: If [get_<value>] was used to populate the object, check to make sure this command returns at least one valid object.
WARNING: [Vivado 12-584] No ports matched 'g'. [C:/Users/Alex/Desktop/EE 316/Labs/Lab_3/Lab_3.srcs/constrs_1/new/part3.xdc:23]
CRITICAL WARNING: [Common 17-55] 'set_property' expects at least one object. [C:/Users/Alex/Desktop/EE 316/Labs/Lab_3/Lab_3.srcs/constrs_1/new/part3.xdc:23]
Resolution: If [get_<value>] was used to populate the object, check to make sure this command returns at least one valid object.
WARNING: [Vivado 12-584] No ports matched 'g'. [C:/Users/Alex/Desktop/EE 316/Labs/Lab_3/Lab_3.srcs/constrs_1/new/part3.xdc:24]
CRITICAL WARNING: [Common 17-55] 'set_property' expects at least one object. [C:/Users/Alex/Desktop/EE 316/Labs/Lab_3/Lab_3.srcs/constrs_1/new/part3.xdc:24]
Resolution: If [get_<value>] was used to populate the object, check to make sure this command returns at least one valid object.
Finished Parsing XDC File [C:/Users/Alex/Desktop/EE 316/Labs/Lab_3/Lab_3.srcs/constrs_1/new/part3.xdc]
INFO: [Project 1-236] Implementation specific constraints were found while reading constraint file [C:/Users/Alex/Desktop/EE 316/Labs/Lab_3/Lab_3.srcs/constrs_1/new/part3.xdc]. These constraints will be ignored for synthesis but will be used in implementation. Impacted constraints are listed in the file [.Xil/myAND_propImpl.xdc].
Resolution: To avoid this warning, move constraints listed in [.Xil/myAND_propImpl.xdc] to another XDC file and exclude this new file from synthesis with the used_in_synthesis property (File Properties dialog in GUI) and re-run elaboration/synthesis.
Completed Processing XDC Constraints

INFO: [Project 1-111] Unisim Transformation Summary:
No Unisim elements were transformed.

Constraint Validation Runtime : Time (s): cpu = 00:00:00 ; elapsed = 00:00:00.005 . Memory (MB): peak = 542.578 ; gain = 0.000
---------------------------------------------------------------------------------
Finished Constraint Validation : Time (s): cpu = 00:00:11 ; elapsed = 00:00:12 . Memory (MB): peak = 542.578 ; gain = 319.609
---------------------------------------------------------------------------------
---------------------------------------------------------------------------------
Start Loading Part and Timing Information
---------------------------------------------------------------------------------
Loading part: xc7a35tcpg236-1
---------------------------------------------------------------------------------
Finished Loading Part and Timing Information : Time (s): cpu = 00:00:11 ; elapsed = 00:00:12 . Memory (MB): peak = 542.578 ; gain = 319.609
---------------------------------------------------------------------------------
---------------------------------------------------------------------------------
Start Applying 'set_property' XDC Constraints
---------------------------------------------------------------------------------
---------------------------------------------------------------------------------
Finished applying 'set_property' XDC Constraints : Time (s): cpu = 00:00:11 ; elapsed = 00:00:12 . Memory (MB): peak = 542.578 ; gain = 319.609
---------------------------------------------------------------------------------
---------------------------------------------------------------------------------
Finished RTL Optimization Phase 2 : Time (s): cpu = 00:00:11 ; elapsed = 00:00:12 . Memory (MB): peak = 542.578 ; gain = 319.609
---------------------------------------------------------------------------------

Report RTL Partitions: 
+-+--------------+------------+----------+
| |RTL Partition |Replication |Instances |
+-+--------------+------------+----------+
+-+--------------+------------+----------+
---------------------------------------------------------------------------------
Start RTL Component Statistics 
---------------------------------------------------------------------------------
Detailed RTL Component Info : 
---------------------------------------------------------------------------------
Finished RTL Component Statistics 
---------------------------------------------------------------------------------
---------------------------------------------------------------------------------
Start RTL Hierarchical Component Statistics 
---------------------------------------------------------------------------------
Hierarchical RTL Component report 
---------------------------------------------------------------------------------
Finished RTL Hierarchical Component Statistics
---------------------------------------------------------------------------------
---------------------------------------------------------------------------------
Start Part Resource Summary
---------------------------------------------------------------------------------
Part Resources:
DSPs: 90 (col length:60)
BRAMs: 100 (col length: RAMB18 60 RAMB36 30)
---------------------------------------------------------------------------------
Finished Part Resource Summary
---------------------------------------------------------------------------------
---------------------------------------------------------------------------------
Start Cross Boundary and Area Optimization
---------------------------------------------------------------------------------
---------------------------------------------------------------------------------
Finished Cross Boundary and Area Optimization : Time (s): cpu = 00:00:11 ; elapsed = 00:00:13 . Memory (MB): peak = 542.578 ; gain = 319.609
---------------------------------------------------------------------------------

Report RTL Partitions: 
+-+--------------+------------+----------+
| |RTL Partition |Replication |Instances |
+-+--------------+------------+----------+
+-+--------------+------------+----------+
---------------------------------------------------------------------------------
Start Applying XDC Timing Constraints
---------------------------------------------------------------------------------
---------------------------------------------------------------------------------
Finished Applying XDC Timing Constraints : Time (s): cpu = 00:00:21 ; elapsed = 00:00:22 . Memory (MB): peak = 598.441 ; gain = 375.473
---------------------------------------------------------------------------------
---------------------------------------------------------------------------------
Start Timing Optimization
---------------------------------------------------------------------------------
---------------------------------------------------------------------------------
Finished Timing Optimization : Time (s): cpu = 00:00:21 ; elapsed = 00:00:22 . Memory (MB): peak = 598.441 ; gain = 375.473
---------------------------------------------------------------------------------

Report RTL Partitions: 
+-+--------------+------------+----------+
| |RTL Partition |Replication |Instances |
+-+--------------+------------+----------+
+-+--------------+------------+----------+
---------------------------------------------------------------------------------
Start Technology Mapping
---------------------------------------------------------------------------------
---------------------------------------------------------------------------------
Finished Technology Mapping : Time (s): cpu = 00:00:21 ; elapsed = 00:00:22 . Memory (MB): peak = 607.582 ; gain = 384.613
---------------------------------------------------------------------------------

Report RTL Partitions: 
+-+--------------+------------+----------+
| |RTL Partition |Replication |Instances |
+-+--------------+------------+----------+
+-+--------------+------------+----------+
---------------------------------------------------------------------------------
Start IO Insertion
---------------------------------------------------------------------------------
---------------------------------------------------------------------------------
Start Flattening Before IO Insertion
---------------------------------------------------------------------------------
---------------------------------------------------------------------------------
Finished Flattening Before IO Insertion
---------------------------------------------------------------------------------
---------------------------------------------------------------------------------
Start Final Netlist Cleanup
---------------------------------------------------------------------------------
---------------------------------------------------------------------------------
Finished Final Netlist Cleanup
---------------------------------------------------------------------------------
---------------------------------------------------------------------------------
Finished IO Insertion : Time (s): cpu = 00:00:21 ; elapsed = 00:00:23 . Memory (MB): peak = 607.582 ; gain = 384.613
---------------------------------------------------------------------------------

Report Check Netlist: 
+------+------------------+-------+---------+-------+------------------+
|      |Item              |Errors |Warnings |Status |Description       |
+------+------------------+-------+---------+-------+------------------+
|1     |multi_driven_nets |      0|        0|Passed |Multi driven nets |
+------+------------------+-------+---------+-------+------------------+
---------------------------------------------------------------------------------
Start Renaming Generated Instances
---------------------------------------------------------------------------------
---------------------------------------------------------------------------------
Finished Renaming Generated Instances : Time (s): cpu = 00:00:21 ; elapsed = 00:00:23 . Memory (MB): peak = 607.582 ; gain = 384.613
---------------------------------------------------------------------------------

Report RTL Partitions: 
+-+--------------+------------+----------+
| |RTL Partition |Replication |Instances |
+-+--------------+------------+----------+
+-+--------------+------------+----------+
---------------------------------------------------------------------------------
Start Rebuilding User Hierarchy
---------------------------------------------------------------------------------
---------------------------------------------------------------------------------
Finished Rebuilding User Hierarchy : Time (s): cpu = 00:00:21 ; elapsed = 00:00:23 . Memory (MB): peak = 607.582 ; gain = 384.613
---------------------------------------------------------------------------------
---------------------------------------------------------------------------------
Start Renaming Generated Ports
---------------------------------------------------------------------------------
---------------------------------------------------------------------------------
Finished Renaming Generated Ports : Time (s): cpu = 00:00:21 ; elapsed = 00:00:23 . Memory (MB): peak = 607.582 ; gain = 384.613
---------------------------------------------------------------------------------
---------------------------------------------------------------------------------
Start Handling Custom Attributes
---------------------------------------------------------------------------------
---------------------------------------------------------------------------------
Finished Handling Custom Attributes : Time (s): cpu = 00:00:21 ; elapsed = 00:00:23 . Memory (MB): peak = 607.582 ; gain = 384.613
---------------------------------------------------------------------------------
---------------------------------------------------------------------------------
Start Renaming Generated Nets
---------------------------------------------------------------------------------
---------------------------------------------------------------------------------
Finished Renaming Generated Nets : Time (s): cpu = 00:00:21 ; elapsed = 00:00:23 . Memory (MB): peak = 607.582 ; gain = 384.613
---------------------------------------------------------------------------------
---------------------------------------------------------------------------------
Start Writing Synthesis Report
---------------------------------------------------------------------------------

Report BlackBoxes: 
+-+--------------+----------+
| |BlackBox name |Instances |
+-+--------------+----------+
+-+--------------+----------+

Report Cell Usage: 
+------+-----+------+
|      |Cell |Count |
+------+-----+------+
|1     |LUT2 |     1|
|2     |IBUF |     2|
|3     |OBUF |     1|
+------+-----+------+

Report Instance Areas: 
+------+---------+-------+------+
|      |Instance |Module |Cells |
+------+---------+-------+------+
|1     |top      |       |     4|
+------+---------+-------+------+
---------------------------------------------------------------------------------
Finished Writing Synthesis Report : Time (s): cpu = 00:00:21 ; elapsed = 00:00:23 . Memory (MB): peak = 607.582 ; gain = 384.613
---------------------------------------------------------------------------------
Synthesis finished with 0 errors, 0 critical warnings and 0 warnings.
Synthesis Optimization Runtime : Time (s): cpu = 00:00:13 ; elapsed = 00:00:18 . Memory (MB): peak = 607.582 ; gain = 181.344
Synthesis Optimization Complete : Time (s): cpu = 00:00:21 ; elapsed = 00:00:23 . Memory (MB): peak = 607.582 ; gain = 384.613
INFO: [Project 1-571] Translating synthesized netlist
INFO: [Netlist 29-17] Analyzing 2 Unisim elements for replacement
INFO: [Netlist 29-28] Unisim Transformation completed in 0 CPU seconds
INFO: [Project 1-570] Preparing netlist for logic optimization
INFO: [Opt 31-138] Pushed 0 inverter(s) to 0 load pin(s).
INFO: [Project 1-111] Unisim Transformation Summary:
No Unisim elements were transformed.

15 Infos, 38 Warnings, 38 Critical Warnings and 0 Errors encountered.
synth_design completed successfully
synth_design: Time (s): cpu = 00:00:23 ; elapsed = 00:00:25 . Memory (MB): peak = 619.105 ; gain = 399.152
INFO: [Common 17-1381] The checkpoint 'C:/Users/Alex/Desktop/EE 316/Labs/Lab_3/Lab_3.runs/synth_1/myAND.dcp' has been generated.
report_utilization: Time (s): cpu = 00:00:00 ; elapsed = 00:00:00.017 . Memory (MB): peak = 619.105 ; gain = 0.000
INFO: [Common 17-206] Exiting Vivado at Wed Oct  4 16:29:10 2017...
