Unable to capture context for thread 16056 in process 5796, can not generate back trace
Unable to capture context for thread 9740 in process 5796, can not generate back trace
Exception at PC 0x00007FFFC7FABB93
Printing stacktrace...

[0]  [0x00007FFFC7FABB93]
[1]  [0x00007FFFC7FABB93]
[2]  [0x00007FFFC7FAB4A1]
[3]  [0x00007FFFC7FAB3EF]
[4]  [0x00007FFFC7F919FE]
[5]  [0x00007FFFC7F90ED1]
[6]  [0x00007FFFC7F90D76]
[7]  [0x00007FFFC7F379F6]
[8]  [0x00007FFFC7F27AFB]
[9]  [0x00007FFFC804E90A]
[10]  [0x00007FFFC8069F87]
[11]  [0x00007FFFC806A05F]
[12] (BaseThreadInitThunk+0x14) [0x00007FF8408B2774]
[13] (RtlUserThreadStart+0x21) [0x00007FF841270D51]
Done
Exception at PC 0x00007FFFC7CB1A52
Attemped to write at address 0x00007FF814E5ABA4
Printing stacktrace...

[0]  [0x00007FFFC7CB1A52]
[1]  [0x00007FFFC7CB1A52]
[2]  [0x00007FFFC7CB1AD4]
[3]  [0x00007FFFC7DF3FF7]
[4]  [0x00007FFFC7CD9128]
[5]  [0x00007FFFC7F8DFB9]
[6]  [0x00007FFFC815EF23]
[7]  [0x00007FFFC806B06B]
[8]  [0x00007FFFC80608AF]
[9]  [0x00007FFFC8060A32]
[10] (RtlDeactivateActivationContextUnsafeFast+0x1af) [0x00007FF84122485F]
[11] (LdrShutdownProcess+0x12c) [0x00007FF84124D43C]
[12] (RtlExitUserProcess+0xb4) [0x00007FF84124D2F4]
[13] (FatalExit+0xa) [0x00007FF8408BC0DA]
[14] (exit+0x75) [0x00007FF84083A045]
[15] (initterm_e+0x21d) [0x00007FF84083A68D]
[16]  [0x00000000004014CD]
[17]  [0x000000000040151B]
[18] (BaseThreadInitThunk+0x14) [0x00007FF8408B2774]
[19] (RtlUserThreadStart+0x21) [0x00007FF841270D51]
Done
