Copyright 1986-2017 Xilinx, Inc. All Rights Reserved.
---------------------------------------------------------------------------------------------------------------------------------------------------------------
| Tool Version : Vivado v.2017.2 (win64) Build 1909853 Thu Jun 15 18:39:09 MDT 2017
| Date         : Tue Oct 24 20:49:34 2017
| Host         : Alex-PC running 64-bit major release  (build 9200)
| Command      : report_timing_summary -warn_on_violation -max_paths 10 -file rising_edge_timing_summary_routed.rpt -rpx rising_edge_timing_summary_routed.rpx
| Design       : rising_edge
| Device       : 7a35t-cpg236
| Speed File   : -1  PRODUCTION 1.17 2017-05-11
---------------------------------------------------------------------------------------------------------------------------------------------------------------

Timing Summary Report

------------------------------------------------------------------------------------------------
| Timer Settings
| --------------
------------------------------------------------------------------------------------------------

  Enable Multi Corner Analysis               :  Yes
  Enable Pessimism Removal                   :  Yes
  Pessimism Removal Resolution               :  Nearest Common Node
  Enable Input Delay Default Clock           :  No
  Enable Preset / Clear Arcs                 :  No
  Disable Flight Delays                      :  No
  Ignore I/O Paths                           :  No
  Timing Early Launch at Borrowing Latches   :  false

  Corner  Analyze    Analyze    
  Name    Max Paths  Min Paths  
  ------  ---------  ---------  
  Slow    Yes        Yes        
  Fast    Yes        Yes        



check_timing report

Table of Contents
-----------------
1. checking no_clock
2. checking constant_clock
3. checking pulse_width_clock
4. checking unconstrained_internal_endpoints
5. checking no_input_delay
6. checking no_output_delay
7. checking multiple_clock
8. checking generated_clocks
9. checking loops
10. checking partial_input_delay
11. checking partial_output_delay
12. checking latch_loops

1. checking no_clock
--------------------
 There are 2 register/latch pins with no clock driven by root clock pin: cl/COUNT_reg[15]/Q (HIGH)


2. checking constant_clock
--------------------------
 There are 0 register/latch pins with constant_clock.


3. checking pulse_width_clock
-----------------------------
 There are 0 register/latch pins which need pulse_width check


4. checking unconstrained_internal_endpoints
--------------------------------------------
 There are 2 pins that are not constrained for maximum delay. (HIGH)

 There are 0 pins that are not constrained for maximum delay due to constant clock.


5. checking no_input_delay
--------------------------
 There are 2 input ports with no input delay specified. (HIGH)

 There are 0 input ports with no input delay but user has a false path constraint.


6. checking no_output_delay
---------------------------
 There is 1 port with no output delay specified. (HIGH)

 There are 0 ports with no output delay but user has a false path constraint

 There are 0 ports with no output delay but with a timing clock defined on it or propagating through it


7. checking multiple_clock
--------------------------
 There are 0 register/latch pins with multiple clocks.


8. checking generated_clocks
----------------------------
 There are 0 generated clocks that are not connected to a clock source.


9. checking loops
-----------------
 There are 0 combinational loops in the design.


10. checking partial_input_delay
--------------------------------
 There are 0 input ports with partial input delay specified.


11. checking partial_output_delay
---------------------------------
 There are 0 ports with partial output delay specified.


12. checking latch_loops
------------------------
 There are 0 combinational latch loops in the design through latch input



------------------------------------------------------------------------------------------------
| Design Timing Summary
| ---------------------
------------------------------------------------------------------------------------------------

    WNS(ns)      TNS(ns)  TNS Failing Endpoints  TNS Total Endpoints      WHS(ns)      THS(ns)  THS Failing Endpoints  THS Total Endpoints     WPWS(ns)     TPWS(ns)  TPWS Failing Endpoints  TPWS Total Endpoints  
    -------      -------  ---------------------  -------------------      -------      -------  ---------------------  -------------------     --------     --------  ----------------------  --------------------  
      7.546        0.000                      0                   16        0.324        0.000                      0                   16        4.500        0.000                       0                    17  


All user specified timing constraints are met.


------------------------------------------------------------------------------------------------
| Clock Summary
| -------------
------------------------------------------------------------------------------------------------

Clock        Waveform(ns)       Period(ns)      Frequency(MHz)
-----        ------------       ----------      --------------
sys_clk_pin  {0.000 5.000}      10.000          100.000         


------------------------------------------------------------------------------------------------
| Intra Clock Table
| -----------------
------------------------------------------------------------------------------------------------

Clock             WNS(ns)      TNS(ns)  TNS Failing Endpoints  TNS Total Endpoints      WHS(ns)      THS(ns)  THS Failing Endpoints  THS Total Endpoints     WPWS(ns)     TPWS(ns)  TPWS Failing Endpoints  TPWS Total Endpoints  
-----             -------      -------  ---------------------  -------------------      -------      -------  ---------------------  -------------------     --------     --------  ----------------------  --------------------  
sys_clk_pin         7.546        0.000                      0                   16        0.324        0.000                      0                   16        4.500        0.000                       0                    17  


------------------------------------------------------------------------------------------------
| Inter Clock Table
| -----------------
------------------------------------------------------------------------------------------------

From Clock    To Clock          WNS(ns)      TNS(ns)  TNS Failing Endpoints  TNS Total Endpoints      WHS(ns)      THS(ns)  THS Failing Endpoints  THS Total Endpoints  
----------    --------          -------      -------  ---------------------  -------------------      -------      -------  ---------------------  -------------------  


------------------------------------------------------------------------------------------------
| Other Path Groups Table
| -----------------------
------------------------------------------------------------------------------------------------

Path Group    From Clock    To Clock          WNS(ns)      TNS(ns)  TNS Failing Endpoints  TNS Total Endpoints      WHS(ns)      THS(ns)  THS Failing Endpoints  THS Total Endpoints  
----------    ----------    --------          -------      -------  ---------------------  -------------------      -------      -------  ---------------------  -------------------  


------------------------------------------------------------------------------------------------
| Timing Details
| --------------
------------------------------------------------------------------------------------------------


---------------------------------------------------------------------------------------------------
From Clock:  sys_clk_pin
  To Clock:  sys_clk_pin

Setup :            0  Failing Endpoints,  Worst Slack        7.546ns,  Total Violation        0.000ns
Hold  :            0  Failing Endpoints,  Worst Slack        0.324ns,  Total Violation        0.000ns
PW    :            0  Failing Endpoints,  Worst Slack        4.500ns,  Total Violation        0.000ns
---------------------------------------------------------------------------------------------------


Max Delay Paths
--------------------------------------------------------------------------------------
Slack (MET) :             7.546ns  (required time - arrival time)
  Source:                 cl/COUNT_reg[1]/C
                            (rising edge-triggered cell FDRE clocked by sys_clk_pin  {rise@0.000ns fall@5.000ns period=10.000ns})
  Destination:            cl/COUNT_reg[13]/D
                            (rising edge-triggered cell FDRE clocked by sys_clk_pin  {rise@0.000ns fall@5.000ns period=10.000ns})
  Path Group:             sys_clk_pin
  Path Type:              Setup (Max at Slow Process Corner)
  Requirement:            10.000ns  (sys_clk_pin rise@10.000ns - sys_clk_pin rise@0.000ns)
  Data Path Delay:        2.454ns  (logic 1.692ns (68.952%)  route 0.762ns (31.048%))
  Logic Levels:           4  (CARRY4=4)
  Clock Path Skew:        -0.027ns (DCD - SCD + CPR)
    Destination Clock Delay (DCD):    4.856ns = ( 14.856 - 10.000 ) 
    Source Clock Delay      (SCD):    5.157ns
    Clock Pessimism Removal (CPR):    0.274ns
  Clock Uncertainty:      0.035ns  ((TSJ^2 + TIJ^2)^1/2 + DJ) / 2 + PE
    Total System Jitter     (TSJ):    0.071ns
    Total Input Jitter      (TIJ):    0.000ns
    Discrete Jitter          (DJ):    0.000ns
    Phase Error              (PE):    0.000ns

    Location             Delay type                Incr(ns)  Path(ns)    Netlist Resource(s)
  -------------------------------------------------------------------    -------------------
                         (clock sys_clk_pin rise edge)
                                                      0.000     0.000 r  
    W5                                                0.000     0.000 r  clk (IN)
                         net (fo=0)                   0.000     0.000    clk
    W5                   IBUF (Prop_ibuf_I_O)         1.458     1.458 r  clk_IBUF_inst/O
                         net (fo=1, routed)           1.967     3.425    clk_IBUF
    BUFGCTRL_X0Y0        BUFG (Prop_bufg_I_O)         0.096     3.521 r  clk_IBUF_BUFG_inst/O
                         net (fo=16, routed)          1.636     5.157    cl/clk
    SLICE_X0Y9           FDRE                                         r  cl/COUNT_reg[1]/C
  -------------------------------------------------------------------    -------------------
    SLICE_X0Y9           FDRE (Prop_fdre_C_Q)         0.456     5.613 r  cl/COUNT_reg[1]/Q
                         net (fo=1, routed)           0.762     6.375    cl/COUNT_reg_n_0_[1]
    SLICE_X0Y9           CARRY4 (Prop_carry4_S[1]_CO[3])
                                                      0.674     7.049 r  cl/COUNT_reg[0]_i_1/CO[3]
                         net (fo=1, routed)           0.000     7.049    cl/COUNT_reg[0]_i_1_n_0
    SLICE_X0Y10          CARRY4 (Prop_carry4_CI_CO[3])
                                                      0.114     7.163 r  cl/COUNT_reg[4]_i_1/CO[3]
                         net (fo=1, routed)           0.000     7.163    cl/COUNT_reg[4]_i_1_n_0
    SLICE_X0Y11          CARRY4 (Prop_carry4_CI_CO[3])
                                                      0.114     7.277 r  cl/COUNT_reg[8]_i_1/CO[3]
                         net (fo=1, routed)           0.000     7.277    cl/COUNT_reg[8]_i_1_n_0
    SLICE_X0Y12          CARRY4 (Prop_carry4_CI_O[1])
                                                      0.334     7.611 r  cl/COUNT_reg[12]_i_1/O[1]
                         net (fo=1, routed)           0.000     7.611    cl/COUNT_reg[12]_i_1_n_6
    SLICE_X0Y12          FDRE                                         r  cl/COUNT_reg[13]/D
  -------------------------------------------------------------------    -------------------

                         (clock sys_clk_pin rise edge)
                                                     10.000    10.000 r  
    W5                                                0.000    10.000 r  clk (IN)
                         net (fo=0)                   0.000    10.000    clk
    W5                   IBUF (Prop_ibuf_I_O)         1.388    11.388 r  clk_IBUF_inst/O
                         net (fo=1, routed)           1.862    13.250    clk_IBUF
    BUFGCTRL_X0Y0        BUFG (Prop_bufg_I_O)         0.091    13.341 r  clk_IBUF_BUFG_inst/O
                         net (fo=16, routed)          1.515    14.856    cl/clk
    SLICE_X0Y12          FDRE                                         r  cl/COUNT_reg[13]/C
                         clock pessimism              0.274    15.130    
                         clock uncertainty           -0.035    15.095    
    SLICE_X0Y12          FDRE (Setup_fdre_C_D)        0.062    15.157    cl/COUNT_reg[13]
  -------------------------------------------------------------------
                         required time                         15.157    
                         arrival time                          -7.611    
  -------------------------------------------------------------------
                         slack                                  7.546    

Slack (MET) :             7.567ns  (required time - arrival time)
  Source:                 cl/COUNT_reg[1]/C
                            (rising edge-triggered cell FDRE clocked by sys_clk_pin  {rise@0.000ns fall@5.000ns period=10.000ns})
  Destination:            cl/COUNT_reg[15]/D
                            (rising edge-triggered cell FDRE clocked by sys_clk_pin  {rise@0.000ns fall@5.000ns period=10.000ns})
  Path Group:             sys_clk_pin
  Path Type:              Setup (Max at Slow Process Corner)
  Requirement:            10.000ns  (sys_clk_pin rise@10.000ns - sys_clk_pin rise@0.000ns)
  Data Path Delay:        2.433ns  (logic 1.671ns (68.684%)  route 0.762ns (31.316%))
  Logic Levels:           4  (CARRY4=4)
  Clock Path Skew:        -0.027ns (DCD - SCD + CPR)
    Destination Clock Delay (DCD):    4.856ns = ( 14.856 - 10.000 ) 
    Source Clock Delay      (SCD):    5.157ns
    Clock Pessimism Removal (CPR):    0.274ns
  Clock Uncertainty:      0.035ns  ((TSJ^2 + TIJ^2)^1/2 + DJ) / 2 + PE
    Total System Jitter     (TSJ):    0.071ns
    Total Input Jitter      (TIJ):    0.000ns
    Discrete Jitter          (DJ):    0.000ns
    Phase Error              (PE):    0.000ns

    Location             Delay type                Incr(ns)  Path(ns)    Netlist Resource(s)
  -------------------------------------------------------------------    -------------------
                         (clock sys_clk_pin rise edge)
                                                      0.000     0.000 r  
    W5                                                0.000     0.000 r  clk (IN)
                         net (fo=0)                   0.000     0.000    clk
    W5                   IBUF (Prop_ibuf_I_O)         1.458     1.458 r  clk_IBUF_inst/O
                         net (fo=1, routed)           1.967     3.425    clk_IBUF
    BUFGCTRL_X0Y0        BUFG (Prop_bufg_I_O)         0.096     3.521 r  clk_IBUF_BUFG_inst/O
                         net (fo=16, routed)          1.636     5.157    cl/clk
    SLICE_X0Y9           FDRE                                         r  cl/COUNT_reg[1]/C
  -------------------------------------------------------------------    -------------------
    SLICE_X0Y9           FDRE (Prop_fdre_C_Q)         0.456     5.613 r  cl/COUNT_reg[1]/Q
                         net (fo=1, routed)           0.762     6.375    cl/COUNT_reg_n_0_[1]
    SLICE_X0Y9           CARRY4 (Prop_carry4_S[1]_CO[3])
                                                      0.674     7.049 r  cl/COUNT_reg[0]_i_1/CO[3]
                         net (fo=1, routed)           0.000     7.049    cl/COUNT_reg[0]_i_1_n_0
    SLICE_X0Y10          CARRY4 (Prop_carry4_CI_CO[3])
                                                      0.114     7.163 r  cl/COUNT_reg[4]_i_1/CO[3]
                         net (fo=1, routed)           0.000     7.163    cl/COUNT_reg[4]_i_1_n_0
    SLICE_X0Y11          CARRY4 (Prop_carry4_CI_CO[3])
                                                      0.114     7.277 r  cl/COUNT_reg[8]_i_1/CO[3]
                         net (fo=1, routed)           0.000     7.277    cl/COUNT_reg[8]_i_1_n_0
    SLICE_X0Y12          CARRY4 (Prop_carry4_CI_O[3])
                                                      0.313     7.590 r  cl/COUNT_reg[12]_i_1/O[3]
                         net (fo=1, routed)           0.000     7.590    cl/COUNT_reg[12]_i_1_n_4
    SLICE_X0Y12          FDRE                                         r  cl/COUNT_reg[15]/D
  -------------------------------------------------------------------    -------------------

                         (clock sys_clk_pin rise edge)
                                                     10.000    10.000 r  
    W5                                                0.000    10.000 r  clk (IN)
                         net (fo=0)                   0.000    10.000    clk
    W5                   IBUF (Prop_ibuf_I_O)         1.388    11.388 r  clk_IBUF_inst/O
                         net (fo=1, routed)           1.862    13.250    clk_IBUF
    BUFGCTRL_X0Y0        BUFG (Prop_bufg_I_O)         0.091    13.341 r  clk_IBUF_BUFG_inst/O
                         net (fo=16, routed)          1.515    14.856    cl/clk
    SLICE_X0Y12          FDRE                                         r  cl/COUNT_reg[15]/C
                         clock pessimism              0.274    15.130    
                         clock uncertainty           -0.035    15.095    
    SLICE_X0Y12          FDRE (Setup_fdre_C_D)        0.062    15.157    cl/COUNT_reg[15]
  -------------------------------------------------------------------
                         required time                         15.157    
                         arrival time                          -7.590    
  -------------------------------------------------------------------
                         slack                                  7.567    

Slack (MET) :             7.641ns  (required time - arrival time)
  Source:                 cl/COUNT_reg[1]/C
                            (rising edge-triggered cell FDRE clocked by sys_clk_pin  {rise@0.000ns fall@5.000ns period=10.000ns})
  Destination:            cl/COUNT_reg[14]/D
                            (rising edge-triggered cell FDRE clocked by sys_clk_pin  {rise@0.000ns fall@5.000ns period=10.000ns})
  Path Group:             sys_clk_pin
  Path Type:              Setup (Max at Slow Process Corner)
  Requirement:            10.000ns  (sys_clk_pin rise@10.000ns - sys_clk_pin rise@0.000ns)
  Data Path Delay:        2.359ns  (logic 1.597ns (67.702%)  route 0.762ns (32.298%))
  Logic Levels:           4  (CARRY4=4)
  Clock Path Skew:        -0.027ns (DCD - SCD + CPR)
    Destination Clock Delay (DCD):    4.856ns = ( 14.856 - 10.000 ) 
    Source Clock Delay      (SCD):    5.157ns
    Clock Pessimism Removal (CPR):    0.274ns
  Clock Uncertainty:      0.035ns  ((TSJ^2 + TIJ^2)^1/2 + DJ) / 2 + PE
    Total System Jitter     (TSJ):    0.071ns
    Total Input Jitter      (TIJ):    0.000ns
    Discrete Jitter          (DJ):    0.000ns
    Phase Error              (PE):    0.000ns

    Location             Delay type                Incr(ns)  Path(ns)    Netlist Resource(s)
  -------------------------------------------------------------------    -------------------
                         (clock sys_clk_pin rise edge)
                                                      0.000     0.000 r  
    W5                                                0.000     0.000 r  clk (IN)
                         net (fo=0)                   0.000     0.000    clk
    W5                   IBUF (Prop_ibuf_I_O)         1.458     1.458 r  clk_IBUF_inst/O
                         net (fo=1, routed)           1.967     3.425    clk_IBUF
    BUFGCTRL_X0Y0        BUFG (Prop_bufg_I_O)         0.096     3.521 r  clk_IBUF_BUFG_inst/O
                         net (fo=16, routed)          1.636     5.157    cl/clk
    SLICE_X0Y9           FDRE                                         r  cl/COUNT_reg[1]/C
  -------------------------------------------------------------------    -------------------
    SLICE_X0Y9           FDRE (Prop_fdre_C_Q)         0.456     5.613 r  cl/COUNT_reg[1]/Q
                         net (fo=1, routed)           0.762     6.375    cl/COUNT_reg_n_0_[1]
    SLICE_X0Y9           CARRY4 (Prop_carry4_S[1]_CO[3])
                                                      0.674     7.049 r  cl/COUNT_reg[0]_i_1/CO[3]
                         net (fo=1, routed)           0.000     7.049    cl/COUNT_reg[0]_i_1_n_0
    SLICE_X0Y10          CARRY4 (Prop_carry4_CI_CO[3])
                                                      0.114     7.163 r  cl/COUNT_reg[4]_i_1/CO[3]
                         net (fo=1, routed)           0.000     7.163    cl/COUNT_reg[4]_i_1_n_0
    SLICE_X0Y11          CARRY4 (Prop_carry4_CI_CO[3])
                                                      0.114     7.277 r  cl/COUNT_reg[8]_i_1/CO[3]
                         net (fo=1, routed)           0.000     7.277    cl/COUNT_reg[8]_i_1_n_0
    SLICE_X0Y12          CARRY4 (Prop_carry4_CI_O[2])
                                                      0.239     7.516 r  cl/COUNT_reg[12]_i_1/O[2]
                         net (fo=1, routed)           0.000     7.516    cl/COUNT_reg[12]_i_1_n_5
    SLICE_X0Y12          FDRE                                         r  cl/COUNT_reg[14]/D
  -------------------------------------------------------------------    -------------------

                         (clock sys_clk_pin rise edge)
                                                     10.000    10.000 r  
    W5                                                0.000    10.000 r  clk (IN)
                         net (fo=0)                   0.000    10.000    clk
    W5                   IBUF (Prop_ibuf_I_O)         1.388    11.388 r  clk_IBUF_inst/O
                         net (fo=1, routed)           1.862    13.250    clk_IBUF
    BUFGCTRL_X0Y0        BUFG (Prop_bufg_I_O)         0.091    13.341 r  clk_IBUF_BUFG_inst/O
                         net (fo=16, routed)          1.515    14.856    cl/clk
    SLICE_X0Y12          FDRE                                         r  cl/COUNT_reg[14]/C
                         clock pessimism              0.274    15.130    
                         clock uncertainty           -0.035    15.095    
    SLICE_X0Y12          FDRE (Setup_fdre_C_D)        0.062    15.157    cl/COUNT_reg[14]
  -------------------------------------------------------------------
                         required time                         15.157    
                         arrival time                          -7.516    
  -------------------------------------------------------------------
                         slack                                  7.641    

Slack (MET) :             7.657ns  (required time - arrival time)
  Source:                 cl/COUNT_reg[1]/C
                            (rising edge-triggered cell FDRE clocked by sys_clk_pin  {rise@0.000ns fall@5.000ns period=10.000ns})
  Destination:            cl/COUNT_reg[12]/D
                            (rising edge-triggered cell FDRE clocked by sys_clk_pin  {rise@0.000ns fall@5.000ns period=10.000ns})
  Path Group:             sys_clk_pin
  Path Type:              Setup (Max at Slow Process Corner)
  Requirement:            10.000ns  (sys_clk_pin rise@10.000ns - sys_clk_pin rise@0.000ns)
  Data Path Delay:        2.343ns  (logic 1.581ns (67.481%)  route 0.762ns (32.519%))
  Logic Levels:           4  (CARRY4=4)
  Clock Path Skew:        -0.027ns (DCD - SCD + CPR)
    Destination Clock Delay (DCD):    4.856ns = ( 14.856 - 10.000 ) 
    Source Clock Delay      (SCD):    5.157ns
    Clock Pessimism Removal (CPR):    0.274ns
  Clock Uncertainty:      0.035ns  ((TSJ^2 + TIJ^2)^1/2 + DJ) / 2 + PE
    Total System Jitter     (TSJ):    0.071ns
    Total Input Jitter      (TIJ):    0.000ns
    Discrete Jitter          (DJ):    0.000ns
    Phase Error              (PE):    0.000ns

    Location             Delay type                Incr(ns)  Path(ns)    Netlist Resource(s)
  -------------------------------------------------------------------    -------------------
                         (clock sys_clk_pin rise edge)
                                                      0.000     0.000 r  
    W5                                                0.000     0.000 r  clk (IN)
                         net (fo=0)                   0.000     0.000    clk
    W5                   IBUF (Prop_ibuf_I_O)         1.458     1.458 r  clk_IBUF_inst/O
                         net (fo=1, routed)           1.967     3.425    clk_IBUF
    BUFGCTRL_X0Y0        BUFG (Prop_bufg_I_O)         0.096     3.521 r  clk_IBUF_BUFG_inst/O
                         net (fo=16, routed)          1.636     5.157    cl/clk
    SLICE_X0Y9           FDRE                                         r  cl/COUNT_reg[1]/C
  -------------------------------------------------------------------    -------------------
    SLICE_X0Y9           FDRE (Prop_fdre_C_Q)         0.456     5.613 r  cl/COUNT_reg[1]/Q
                         net (fo=1, routed)           0.762     6.375    cl/COUNT_reg_n_0_[1]
    SLICE_X0Y9           CARRY4 (Prop_carry4_S[1]_CO[3])
                                                      0.674     7.049 r  cl/COUNT_reg[0]_i_1/CO[3]
                         net (fo=1, routed)           0.000     7.049    cl/COUNT_reg[0]_i_1_n_0
    SLICE_X0Y10          CARRY4 (Prop_carry4_CI_CO[3])
                                                      0.114     7.163 r  cl/COUNT_reg[4]_i_1/CO[3]
                         net (fo=1, routed)           0.000     7.163    cl/COUNT_reg[4]_i_1_n_0
    SLICE_X0Y11          CARRY4 (Prop_carry4_CI_CO[3])
                                                      0.114     7.277 r  cl/COUNT_reg[8]_i_1/CO[3]
                         net (fo=1, routed)           0.000     7.277    cl/COUNT_reg[8]_i_1_n_0
    SLICE_X0Y12          CARRY4 (Prop_carry4_CI_O[0])
                                                      0.223     7.500 r  cl/COUNT_reg[12]_i_1/O[0]
                         net (fo=1, routed)           0.000     7.500    cl/COUNT_reg[12]_i_1_n_7
    SLICE_X0Y12          FDRE                                         r  cl/COUNT_reg[12]/D
  -------------------------------------------------------------------    -------------------

                         (clock sys_clk_pin rise edge)
                                                     10.000    10.000 r  
    W5                                                0.000    10.000 r  clk (IN)
                         net (fo=0)                   0.000    10.000    clk
    W5                   IBUF (Prop_ibuf_I_O)         1.388    11.388 r  clk_IBUF_inst/O
                         net (fo=1, routed)           1.862    13.250    clk_IBUF
    BUFGCTRL_X0Y0        BUFG (Prop_bufg_I_O)         0.091    13.341 r  clk_IBUF_BUFG_inst/O
                         net (fo=16, routed)          1.515    14.856    cl/clk
    SLICE_X0Y12          FDRE                                         r  cl/COUNT_reg[12]/C
                         clock pessimism              0.274    15.130    
                         clock uncertainty           -0.035    15.095    
    SLICE_X0Y12          FDRE (Setup_fdre_C_D)        0.062    15.157    cl/COUNT_reg[12]
  -------------------------------------------------------------------
                         required time                         15.157    
                         arrival time                          -7.500    
  -------------------------------------------------------------------
                         slack                                  7.657    

Slack (MET) :             7.661ns  (required time - arrival time)
  Source:                 cl/COUNT_reg[1]/C
                            (rising edge-triggered cell FDRE clocked by sys_clk_pin  {rise@0.000ns fall@5.000ns period=10.000ns})
  Destination:            cl/COUNT_reg[9]/D
                            (rising edge-triggered cell FDRE clocked by sys_clk_pin  {rise@0.000ns fall@5.000ns period=10.000ns})
  Path Group:             sys_clk_pin
  Path Type:              Setup (Max at Slow Process Corner)
  Requirement:            10.000ns  (sys_clk_pin rise@10.000ns - sys_clk_pin rise@0.000ns)
  Data Path Delay:        2.340ns  (logic 1.578ns (67.440%)  route 0.762ns (32.560%))
  Logic Levels:           3  (CARRY4=3)
  Clock Path Skew:        -0.026ns (DCD - SCD + CPR)
    Destination Clock Delay (DCD):    4.857ns = ( 14.857 - 10.000 ) 
    Source Clock Delay      (SCD):    5.157ns
    Clock Pessimism Removal (CPR):    0.274ns
  Clock Uncertainty:      0.035ns  ((TSJ^2 + TIJ^2)^1/2 + DJ) / 2 + PE
    Total System Jitter     (TSJ):    0.071ns
    Total Input Jitter      (TIJ):    0.000ns
    Discrete Jitter          (DJ):    0.000ns
    Phase Error              (PE):    0.000ns

    Location             Delay type                Incr(ns)  Path(ns)    Netlist Resource(s)
  -------------------------------------------------------------------    -------------------
                         (clock sys_clk_pin rise edge)
                                                      0.000     0.000 r  
    W5                                                0.000     0.000 r  clk (IN)
                         net (fo=0)                   0.000     0.000    clk
    W5                   IBUF (Prop_ibuf_I_O)         1.458     1.458 r  clk_IBUF_inst/O
                         net (fo=1, routed)           1.967     3.425    clk_IBUF
    BUFGCTRL_X0Y0        BUFG (Prop_bufg_I_O)         0.096     3.521 r  clk_IBUF_BUFG_inst/O
                         net (fo=16, routed)          1.636     5.157    cl/clk
    SLICE_X0Y9           FDRE                                         r  cl/COUNT_reg[1]/C
  -------------------------------------------------------------------    -------------------
    SLICE_X0Y9           FDRE (Prop_fdre_C_Q)         0.456     5.613 r  cl/COUNT_reg[1]/Q
                         net (fo=1, routed)           0.762     6.375    cl/COUNT_reg_n_0_[1]
    SLICE_X0Y9           CARRY4 (Prop_carry4_S[1]_CO[3])
                                                      0.674     7.049 r  cl/COUNT_reg[0]_i_1/CO[3]
                         net (fo=1, routed)           0.000     7.049    cl/COUNT_reg[0]_i_1_n_0
    SLICE_X0Y10          CARRY4 (Prop_carry4_CI_CO[3])
                                                      0.114     7.163 r  cl/COUNT_reg[4]_i_1/CO[3]
                         net (fo=1, routed)           0.000     7.163    cl/COUNT_reg[4]_i_1_n_0
    SLICE_X0Y11          CARRY4 (Prop_carry4_CI_O[1])
                                                      0.334     7.497 r  cl/COUNT_reg[8]_i_1/O[1]
                         net (fo=1, routed)           0.000     7.497    cl/COUNT_reg[8]_i_1_n_6
    SLICE_X0Y11          FDRE                                         r  cl/COUNT_reg[9]/D
  -------------------------------------------------------------------    -------------------

                         (clock sys_clk_pin rise edge)
                                                     10.000    10.000 r  
    W5                                                0.000    10.000 r  clk (IN)
                         net (fo=0)                   0.000    10.000    clk
    W5                   IBUF (Prop_ibuf_I_O)         1.388    11.388 r  clk_IBUF_inst/O
                         net (fo=1, routed)           1.862    13.250    clk_IBUF
    BUFGCTRL_X0Y0        BUFG (Prop_bufg_I_O)         0.091    13.341 r  clk_IBUF_BUFG_inst/O
                         net (fo=16, routed)          1.516    14.857    cl/clk
    SLICE_X0Y11          FDRE                                         r  cl/COUNT_reg[9]/C
                         clock pessimism              0.274    15.131    
                         clock uncertainty           -0.035    15.096    
    SLICE_X0Y11          FDRE (Setup_fdre_C_D)        0.062    15.158    cl/COUNT_reg[9]
  -------------------------------------------------------------------
                         required time                         15.158    
                         arrival time                          -7.497    
  -------------------------------------------------------------------
                         slack                                  7.661    

Slack (MET) :             7.682ns  (required time - arrival time)
  Source:                 cl/COUNT_reg[1]/C
                            (rising edge-triggered cell FDRE clocked by sys_clk_pin  {rise@0.000ns fall@5.000ns period=10.000ns})
  Destination:            cl/COUNT_reg[11]/D
                            (rising edge-triggered cell FDRE clocked by sys_clk_pin  {rise@0.000ns fall@5.000ns period=10.000ns})
  Path Group:             sys_clk_pin
  Path Type:              Setup (Max at Slow Process Corner)
  Requirement:            10.000ns  (sys_clk_pin rise@10.000ns - sys_clk_pin rise@0.000ns)
  Data Path Delay:        2.319ns  (logic 1.557ns (67.145%)  route 0.762ns (32.855%))
  Logic Levels:           3  (CARRY4=3)
  Clock Path Skew:        -0.026ns (DCD - SCD + CPR)
    Destination Clock Delay (DCD):    4.857ns = ( 14.857 - 10.000 ) 
    Source Clock Delay      (SCD):    5.157ns
    Clock Pessimism Removal (CPR):    0.274ns
  Clock Uncertainty:      0.035ns  ((TSJ^2 + TIJ^2)^1/2 + DJ) / 2 + PE
    Total System Jitter     (TSJ):    0.071ns
    Total Input Jitter      (TIJ):    0.000ns
    Discrete Jitter          (DJ):    0.000ns
    Phase Error              (PE):    0.000ns

    Location             Delay type                Incr(ns)  Path(ns)    Netlist Resource(s)
  -------------------------------------------------------------------    -------------------
                         (clock sys_clk_pin rise edge)
                                                      0.000     0.000 r  
    W5                                                0.000     0.000 r  clk (IN)
                         net (fo=0)                   0.000     0.000    clk
    W5                   IBUF (Prop_ibuf_I_O)         1.458     1.458 r  clk_IBUF_inst/O
                         net (fo=1, routed)           1.967     3.425    clk_IBUF
    BUFGCTRL_X0Y0        BUFG (Prop_bufg_I_O)         0.096     3.521 r  clk_IBUF_BUFG_inst/O
                         net (fo=16, routed)          1.636     5.157    cl/clk
    SLICE_X0Y9           FDRE                                         r  cl/COUNT_reg[1]/C
  -------------------------------------------------------------------    -------------------
    SLICE_X0Y9           FDRE (Prop_fdre_C_Q)         0.456     5.613 r  cl/COUNT_reg[1]/Q
                         net (fo=1, routed)           0.762     6.375    cl/COUNT_reg_n_0_[1]
    SLICE_X0Y9           CARRY4 (Prop_carry4_S[1]_CO[3])
                                                      0.674     7.049 r  cl/COUNT_reg[0]_i_1/CO[3]
                         net (fo=1, routed)           0.000     7.049    cl/COUNT_reg[0]_i_1_n_0
    SLICE_X0Y10          CARRY4 (Prop_carry4_CI_CO[3])
                                                      0.114     7.163 r  cl/COUNT_reg[4]_i_1/CO[3]
                         net (fo=1, routed)           0.000     7.163    cl/COUNT_reg[4]_i_1_n_0
    SLICE_X0Y11          CARRY4 (Prop_carry4_CI_O[3])
                                                      0.313     7.476 r  cl/COUNT_reg[8]_i_1/O[3]
                         net (fo=1, routed)           0.000     7.476    cl/COUNT_reg[8]_i_1_n_4
    SLICE_X0Y11          FDRE                                         r  cl/COUNT_reg[11]/D
  -------------------------------------------------------------------    -------------------

                         (clock sys_clk_pin rise edge)
                                                     10.000    10.000 r  
    W5                                                0.000    10.000 r  clk (IN)
                         net (fo=0)                   0.000    10.000    clk
    W5                   IBUF (Prop_ibuf_I_O)         1.388    11.388 r  clk_IBUF_inst/O
                         net (fo=1, routed)           1.862    13.250    clk_IBUF
    BUFGCTRL_X0Y0        BUFG (Prop_bufg_I_O)         0.091    13.341 r  clk_IBUF_BUFG_inst/O
                         net (fo=16, routed)          1.516    14.857    cl/clk
    SLICE_X0Y11          FDRE                                         r  cl/COUNT_reg[11]/C
                         clock pessimism              0.274    15.131    
                         clock uncertainty           -0.035    15.096    
    SLICE_X0Y11          FDRE (Setup_fdre_C_D)        0.062    15.158    cl/COUNT_reg[11]
  -------------------------------------------------------------------
                         required time                         15.158    
                         arrival time                          -7.476    
  -------------------------------------------------------------------
                         slack                                  7.682    

Slack (MET) :             7.756ns  (required time - arrival time)
  Source:                 cl/COUNT_reg[1]/C
                            (rising edge-triggered cell FDRE clocked by sys_clk_pin  {rise@0.000ns fall@5.000ns period=10.000ns})
  Destination:            cl/COUNT_reg[10]/D
                            (rising edge-triggered cell FDRE clocked by sys_clk_pin  {rise@0.000ns fall@5.000ns period=10.000ns})
  Path Group:             sys_clk_pin
  Path Type:              Setup (Max at Slow Process Corner)
  Requirement:            10.000ns  (sys_clk_pin rise@10.000ns - sys_clk_pin rise@0.000ns)
  Data Path Delay:        2.245ns  (logic 1.483ns (66.062%)  route 0.762ns (33.938%))
  Logic Levels:           3  (CARRY4=3)
  Clock Path Skew:        -0.026ns (DCD - SCD + CPR)
    Destination Clock Delay (DCD):    4.857ns = ( 14.857 - 10.000 ) 
    Source Clock Delay      (SCD):    5.157ns
    Clock Pessimism Removal (CPR):    0.274ns
  Clock Uncertainty:      0.035ns  ((TSJ^2 + TIJ^2)^1/2 + DJ) / 2 + PE
    Total System Jitter     (TSJ):    0.071ns
    Total Input Jitter      (TIJ):    0.000ns
    Discrete Jitter          (DJ):    0.000ns
    Phase Error              (PE):    0.000ns

    Location             Delay type                Incr(ns)  Path(ns)    Netlist Resource(s)
  -------------------------------------------------------------------    -------------------
                         (clock sys_clk_pin rise edge)
                                                      0.000     0.000 r  
    W5                                                0.000     0.000 r  clk (IN)
                         net (fo=0)                   0.000     0.000    clk
    W5                   IBUF (Prop_ibuf_I_O)         1.458     1.458 r  clk_IBUF_inst/O
                         net (fo=1, routed)           1.967     3.425    clk_IBUF
    BUFGCTRL_X0Y0        BUFG (Prop_bufg_I_O)         0.096     3.521 r  clk_IBUF_BUFG_inst/O
                         net (fo=16, routed)          1.636     5.157    cl/clk
    SLICE_X0Y9           FDRE                                         r  cl/COUNT_reg[1]/C
  -------------------------------------------------------------------    -------------------
    SLICE_X0Y9           FDRE (Prop_fdre_C_Q)         0.456     5.613 r  cl/COUNT_reg[1]/Q
                         net (fo=1, routed)           0.762     6.375    cl/COUNT_reg_n_0_[1]
    SLICE_X0Y9           CARRY4 (Prop_carry4_S[1]_CO[3])
                                                      0.674     7.049 r  cl/COUNT_reg[0]_i_1/CO[3]
                         net (fo=1, routed)           0.000     7.049    cl/COUNT_reg[0]_i_1_n_0
    SLICE_X0Y10          CARRY4 (Prop_carry4_CI_CO[3])
                                                      0.114     7.163 r  cl/COUNT_reg[4]_i_1/CO[3]
                         net (fo=1, routed)           0.000     7.163    cl/COUNT_reg[4]_i_1_n_0
    SLICE_X0Y11          CARRY4 (Prop_carry4_CI_O[2])
                                                      0.239     7.402 r  cl/COUNT_reg[8]_i_1/O[2]
                         net (fo=1, routed)           0.000     7.402    cl/COUNT_reg[8]_i_1_n_5
    SLICE_X0Y11          FDRE                                         r  cl/COUNT_reg[10]/D
  -------------------------------------------------------------------    -------------------

                         (clock sys_clk_pin rise edge)
                                                     10.000    10.000 r  
    W5                                                0.000    10.000 r  clk (IN)
                         net (fo=0)                   0.000    10.000    clk
    W5                   IBUF (Prop_ibuf_I_O)         1.388    11.388 r  clk_IBUF_inst/O
                         net (fo=1, routed)           1.862    13.250    clk_IBUF
    BUFGCTRL_X0Y0        BUFG (Prop_bufg_I_O)         0.091    13.341 r  clk_IBUF_BUFG_inst/O
                         net (fo=16, routed)          1.516    14.857    cl/clk
    SLICE_X0Y11          FDRE                                         r  cl/COUNT_reg[10]/C
                         clock pessimism              0.274    15.131    
                         clock uncertainty           -0.035    15.096    
    SLICE_X0Y11          FDRE (Setup_fdre_C_D)        0.062    15.158    cl/COUNT_reg[10]
  -------------------------------------------------------------------
                         required time                         15.158    
                         arrival time                          -7.402    
  -------------------------------------------------------------------
                         slack                                  7.756    

Slack (MET) :             7.772ns  (required time - arrival time)
  Source:                 cl/COUNT_reg[1]/C
                            (rising edge-triggered cell FDRE clocked by sys_clk_pin  {rise@0.000ns fall@5.000ns period=10.000ns})
  Destination:            cl/COUNT_reg[8]/D
                            (rising edge-triggered cell FDRE clocked by sys_clk_pin  {rise@0.000ns fall@5.000ns period=10.000ns})
  Path Group:             sys_clk_pin
  Path Type:              Setup (Max at Slow Process Corner)
  Requirement:            10.000ns  (sys_clk_pin rise@10.000ns - sys_clk_pin rise@0.000ns)
  Data Path Delay:        2.229ns  (logic 1.467ns (65.818%)  route 0.762ns (34.182%))
  Logic Levels:           3  (CARRY4=3)
  Clock Path Skew:        -0.026ns (DCD - SCD + CPR)
    Destination Clock Delay (DCD):    4.857ns = ( 14.857 - 10.000 ) 
    Source Clock Delay      (SCD):    5.157ns
    Clock Pessimism Removal (CPR):    0.274ns
  Clock Uncertainty:      0.035ns  ((TSJ^2 + TIJ^2)^1/2 + DJ) / 2 + PE
    Total System Jitter     (TSJ):    0.071ns
    Total Input Jitter      (TIJ):    0.000ns
    Discrete Jitter          (DJ):    0.000ns
    Phase Error              (PE):    0.000ns

    Location             Delay type                Incr(ns)  Path(ns)    Netlist Resource(s)
  -------------------------------------------------------------------    -------------------
                         (clock sys_clk_pin rise edge)
                                                      0.000     0.000 r  
    W5                                                0.000     0.000 r  clk (IN)
                         net (fo=0)                   0.000     0.000    clk
    W5                   IBUF (Prop_ibuf_I_O)         1.458     1.458 r  clk_IBUF_inst/O
                         net (fo=1, routed)           1.967     3.425    clk_IBUF
    BUFGCTRL_X0Y0        BUFG (Prop_bufg_I_O)         0.096     3.521 r  clk_IBUF_BUFG_inst/O
                         net (fo=16, routed)          1.636     5.157    cl/clk
    SLICE_X0Y9           FDRE                                         r  cl/COUNT_reg[1]/C
  -------------------------------------------------------------------    -------------------
    SLICE_X0Y9           FDRE (Prop_fdre_C_Q)         0.456     5.613 r  cl/COUNT_reg[1]/Q
                         net (fo=1, routed)           0.762     6.375    cl/COUNT_reg_n_0_[1]
    SLICE_X0Y9           CARRY4 (Prop_carry4_S[1]_CO[3])
                                                      0.674     7.049 r  cl/COUNT_reg[0]_i_1/CO[3]
                         net (fo=1, routed)           0.000     7.049    cl/COUNT_reg[0]_i_1_n_0
    SLICE_X0Y10          CARRY4 (Prop_carry4_CI_CO[3])
                                                      0.114     7.163 r  cl/COUNT_reg[4]_i_1/CO[3]
                         net (fo=1, routed)           0.000     7.163    cl/COUNT_reg[4]_i_1_n_0
    SLICE_X0Y11          CARRY4 (Prop_carry4_CI_O[0])
                                                      0.223     7.386 r  cl/COUNT_reg[8]_i_1/O[0]
                         net (fo=1, routed)           0.000     7.386    cl/COUNT_reg[8]_i_1_n_7
    SLICE_X0Y11          FDRE                                         r  cl/COUNT_reg[8]/D
  -------------------------------------------------------------------    -------------------

                         (clock sys_clk_pin rise edge)
                                                     10.000    10.000 r  
    W5                                                0.000    10.000 r  clk (IN)
                         net (fo=0)                   0.000    10.000    clk
    W5                   IBUF (Prop_ibuf_I_O)         1.388    11.388 r  clk_IBUF_inst/O
                         net (fo=1, routed)           1.862    13.250    clk_IBUF
    BUFGCTRL_X0Y0        BUFG (Prop_bufg_I_O)         0.091    13.341 r  clk_IBUF_BUFG_inst/O
                         net (fo=16, routed)          1.516    14.857    cl/clk
    SLICE_X0Y11          FDRE                                         r  cl/COUNT_reg[8]/C
                         clock pessimism              0.274    15.131    
                         clock uncertainty           -0.035    15.096    
    SLICE_X0Y11          FDRE (Setup_fdre_C_D)        0.062    15.158    cl/COUNT_reg[8]
  -------------------------------------------------------------------
                         required time                         15.158    
                         arrival time                          -7.386    
  -------------------------------------------------------------------
                         slack                                  7.772    

Slack (MET) :             7.776ns  (required time - arrival time)
  Source:                 cl/COUNT_reg[1]/C
                            (rising edge-triggered cell FDRE clocked by sys_clk_pin  {rise@0.000ns fall@5.000ns period=10.000ns})
  Destination:            cl/COUNT_reg[5]/D
                            (rising edge-triggered cell FDRE clocked by sys_clk_pin  {rise@0.000ns fall@5.000ns period=10.000ns})
  Path Group:             sys_clk_pin
  Path Type:              Setup (Max at Slow Process Corner)
  Requirement:            10.000ns  (sys_clk_pin rise@10.000ns - sys_clk_pin rise@0.000ns)
  Data Path Delay:        2.226ns  (logic 1.464ns (65.772%)  route 0.762ns (34.228%))
  Logic Levels:           2  (CARRY4=2)
  Clock Path Skew:        -0.025ns (DCD - SCD + CPR)
    Destination Clock Delay (DCD):    4.858ns = ( 14.858 - 10.000 ) 
    Source Clock Delay      (SCD):    5.157ns
    Clock Pessimism Removal (CPR):    0.274ns
  Clock Uncertainty:      0.035ns  ((TSJ^2 + TIJ^2)^1/2 + DJ) / 2 + PE
    Total System Jitter     (TSJ):    0.071ns
    Total Input Jitter      (TIJ):    0.000ns
    Discrete Jitter          (DJ):    0.000ns
    Phase Error              (PE):    0.000ns

    Location             Delay type                Incr(ns)  Path(ns)    Netlist Resource(s)
  -------------------------------------------------------------------    -------------------
                         (clock sys_clk_pin rise edge)
                                                      0.000     0.000 r  
    W5                                                0.000     0.000 r  clk (IN)
                         net (fo=0)                   0.000     0.000    clk
    W5                   IBUF (Prop_ibuf_I_O)         1.458     1.458 r  clk_IBUF_inst/O
                         net (fo=1, routed)           1.967     3.425    clk_IBUF
    BUFGCTRL_X0Y0        BUFG (Prop_bufg_I_O)         0.096     3.521 r  clk_IBUF_BUFG_inst/O
                         net (fo=16, routed)          1.636     5.157    cl/clk
    SLICE_X0Y9           FDRE                                         r  cl/COUNT_reg[1]/C
  -------------------------------------------------------------------    -------------------
    SLICE_X0Y9           FDRE (Prop_fdre_C_Q)         0.456     5.613 r  cl/COUNT_reg[1]/Q
                         net (fo=1, routed)           0.762     6.375    cl/COUNT_reg_n_0_[1]
    SLICE_X0Y9           CARRY4 (Prop_carry4_S[1]_CO[3])
                                                      0.674     7.049 r  cl/COUNT_reg[0]_i_1/CO[3]
                         net (fo=1, routed)           0.000     7.049    cl/COUNT_reg[0]_i_1_n_0
    SLICE_X0Y10          CARRY4 (Prop_carry4_CI_O[1])
                                                      0.334     7.383 r  cl/COUNT_reg[4]_i_1/O[1]
                         net (fo=1, routed)           0.000     7.383    cl/COUNT_reg[4]_i_1_n_6
    SLICE_X0Y10          FDRE                                         r  cl/COUNT_reg[5]/D
  -------------------------------------------------------------------    -------------------

                         (clock sys_clk_pin rise edge)
                                                     10.000    10.000 r  
    W5                                                0.000    10.000 r  clk (IN)
                         net (fo=0)                   0.000    10.000    clk
    W5                   IBUF (Prop_ibuf_I_O)         1.388    11.388 r  clk_IBUF_inst/O
                         net (fo=1, routed)           1.862    13.250    clk_IBUF
    BUFGCTRL_X0Y0        BUFG (Prop_bufg_I_O)         0.091    13.341 r  clk_IBUF_BUFG_inst/O
                         net (fo=16, routed)          1.517    14.858    cl/clk
    SLICE_X0Y10          FDRE                                         r  cl/COUNT_reg[5]/C
                         clock pessimism              0.274    15.132    
                         clock uncertainty           -0.035    15.097    
    SLICE_X0Y10          FDRE (Setup_fdre_C_D)        0.062    15.159    cl/COUNT_reg[5]
  -------------------------------------------------------------------
                         required time                         15.159    
                         arrival time                          -7.383    
  -------------------------------------------------------------------
                         slack                                  7.776    

Slack (MET) :             7.797ns  (required time - arrival time)
  Source:                 cl/COUNT_reg[1]/C
                            (rising edge-triggered cell FDRE clocked by sys_clk_pin  {rise@0.000ns fall@5.000ns period=10.000ns})
  Destination:            cl/COUNT_reg[7]/D
                            (rising edge-triggered cell FDRE clocked by sys_clk_pin  {rise@0.000ns fall@5.000ns period=10.000ns})
  Path Group:             sys_clk_pin
  Path Type:              Setup (Max at Slow Process Corner)
  Requirement:            10.000ns  (sys_clk_pin rise@10.000ns - sys_clk_pin rise@0.000ns)
  Data Path Delay:        2.205ns  (logic 1.443ns (65.446%)  route 0.762ns (34.554%))
  Logic Levels:           2  (CARRY4=2)
  Clock Path Skew:        -0.025ns (DCD - SCD + CPR)
    Destination Clock Delay (DCD):    4.858ns = ( 14.858 - 10.000 ) 
    Source Clock Delay      (SCD):    5.157ns
    Clock Pessimism Removal (CPR):    0.274ns
  Clock Uncertainty:      0.035ns  ((TSJ^2 + TIJ^2)^1/2 + DJ) / 2 + PE
    Total System Jitter     (TSJ):    0.071ns
    Total Input Jitter      (TIJ):    0.000ns
    Discrete Jitter          (DJ):    0.000ns
    Phase Error              (PE):    0.000ns

    Location             Delay type                Incr(ns)  Path(ns)    Netlist Resource(s)
  -------------------------------------------------------------------    -------------------
                         (clock sys_clk_pin rise edge)
                                                      0.000     0.000 r  
    W5                                                0.000     0.000 r  clk (IN)
                         net (fo=0)                   0.000     0.000    clk
    W5                   IBUF (Prop_ibuf_I_O)         1.458     1.458 r  clk_IBUF_inst/O
                         net (fo=1, routed)           1.967     3.425    clk_IBUF
    BUFGCTRL_X0Y0        BUFG (Prop_bufg_I_O)         0.096     3.521 r  clk_IBUF_BUFG_inst/O
                         net (fo=16, routed)          1.636     5.157    cl/clk
    SLICE_X0Y9           FDRE                                         r  cl/COUNT_reg[1]/C
  -------------------------------------------------------------------    -------------------
    SLICE_X0Y9           FDRE (Prop_fdre_C_Q)         0.456     5.613 r  cl/COUNT_reg[1]/Q
                         net (fo=1, routed)           0.762     6.375    cl/COUNT_reg_n_0_[1]
    SLICE_X0Y9           CARRY4 (Prop_carry4_S[1]_CO[3])
                                                      0.674     7.049 r  cl/COUNT_reg[0]_i_1/CO[3]
                         net (fo=1, routed)           0.000     7.049    cl/COUNT_reg[0]_i_1_n_0
    SLICE_X0Y10          CARRY4 (Prop_carry4_CI_O[3])
                                                      0.313     7.362 r  cl/COUNT_reg[4]_i_1/O[3]
                         net (fo=1, routed)           0.000     7.362    cl/COUNT_reg[4]_i_1_n_4
    SLICE_X0Y10          FDRE                                         r  cl/COUNT_reg[7]/D
  -------------------------------------------------------------------    -------------------

                         (clock sys_clk_pin rise edge)
                                                     10.000    10.000 r  
    W5                                                0.000    10.000 r  clk (IN)
                         net (fo=0)                   0.000    10.000    clk
    W5                   IBUF (Prop_ibuf_I_O)         1.388    11.388 r  clk_IBUF_inst/O
                         net (fo=1, routed)           1.862    13.250    clk_IBUF
    BUFGCTRL_X0Y0        BUFG (Prop_bufg_I_O)         0.091    13.341 r  clk_IBUF_BUFG_inst/O
                         net (fo=16, routed)          1.517    14.858    cl/clk
    SLICE_X0Y10          FDRE                                         r  cl/COUNT_reg[7]/C
                         clock pessimism              0.274    15.132    
                         clock uncertainty           -0.035    15.097    
    SLICE_X0Y10          FDRE (Setup_fdre_C_D)        0.062    15.159    cl/COUNT_reg[7]
  -------------------------------------------------------------------
                         required time                         15.159    
                         arrival time                          -7.362    
  -------------------------------------------------------------------
                         slack                                  7.797    





Min Delay Paths
--------------------------------------------------------------------------------------
Slack (MET) :             0.324ns  (arrival time - required time)
  Source:                 cl/COUNT_reg[0]/C
                            (rising edge-triggered cell FDRE clocked by sys_clk_pin  {rise@0.000ns fall@5.000ns period=10.000ns})
  Destination:            cl/COUNT_reg[0]/D
                            (rising edge-triggered cell FDRE clocked by sys_clk_pin  {rise@0.000ns fall@5.000ns period=10.000ns})
  Path Group:             sys_clk_pin
  Path Type:              Hold (Min at Fast Process Corner)
  Requirement:            0.000ns  (sys_clk_pin rise@0.000ns - sys_clk_pin rise@0.000ns)
  Data Path Delay:        0.429ns  (logic 0.256ns (59.730%)  route 0.173ns (40.270%))
  Logic Levels:           2  (CARRY4=1 LUT1=1)
  Clock Path Skew:        0.000ns (DCD - SCD - CPR)
    Destination Clock Delay (DCD):    1.992ns
    Source Clock Delay      (SCD):    1.477ns
    Clock Pessimism Removal (CPR):    0.515ns

    Location             Delay type                Incr(ns)  Path(ns)    Netlist Resource(s)
  -------------------------------------------------------------------    -------------------
                         (clock sys_clk_pin rise edge)
                                                      0.000     0.000 r  
    W5                                                0.000     0.000 r  clk (IN)
                         net (fo=0)                   0.000     0.000    clk
    W5                   IBUF (Prop_ibuf_I_O)         0.226     0.226 r  clk_IBUF_inst/O
                         net (fo=1, routed)           0.631     0.858    clk_IBUF
    BUFGCTRL_X0Y0        BUFG (Prop_bufg_I_O)         0.026     0.884 r  clk_IBUF_BUFG_inst/O
                         net (fo=16, routed)          0.594     1.477    cl/clk
    SLICE_X0Y9           FDRE                                         r  cl/COUNT_reg[0]/C
  -------------------------------------------------------------------    -------------------
    SLICE_X0Y9           FDRE (Prop_fdre_C_Q)         0.141     1.618 f  cl/COUNT_reg[0]/Q
                         net (fo=1, routed)           0.173     1.791    cl/COUNT_reg_n_0_[0]
    SLICE_X0Y9           LUT1 (Prop_lut1_I0_O)        0.045     1.836 r  cl/COUNT[0]_i_5/O
                         net (fo=1, routed)           0.000     1.836    cl/COUNT[0]_i_5_n_0
    SLICE_X0Y9           CARRY4 (Prop_carry4_S[0]_O[0])
                                                      0.070     1.906 r  cl/COUNT_reg[0]_i_1/O[0]
                         net (fo=1, routed)           0.000     1.906    cl/COUNT_reg[0]_i_1_n_7
    SLICE_X0Y9           FDRE                                         r  cl/COUNT_reg[0]/D
  -------------------------------------------------------------------    -------------------

                         (clock sys_clk_pin rise edge)
                                                      0.000     0.000 r  
    W5                                                0.000     0.000 r  clk (IN)
                         net (fo=0)                   0.000     0.000    clk
    W5                   IBUF (Prop_ibuf_I_O)         0.414     0.414 r  clk_IBUF_inst/O
                         net (fo=1, routed)           0.685     1.099    clk_IBUF
    BUFGCTRL_X0Y0        BUFG (Prop_bufg_I_O)         0.029     1.128 r  clk_IBUF_BUFG_inst/O
                         net (fo=16, routed)          0.865     1.992    cl/clk
    SLICE_X0Y9           FDRE                                         r  cl/COUNT_reg[0]/C
                         clock pessimism             -0.515     1.477    
    SLICE_X0Y9           FDRE (Hold_fdre_C_D)         0.105     1.582    cl/COUNT_reg[0]
  -------------------------------------------------------------------
                         required time                         -1.582    
                         arrival time                           1.906    
  -------------------------------------------------------------------
                         slack                                  0.324    

Slack (MET) :             0.327ns  (arrival time - required time)
  Source:                 cl/COUNT_reg[11]/C
                            (rising edge-triggered cell FDRE clocked by sys_clk_pin  {rise@0.000ns fall@5.000ns period=10.000ns})
  Destination:            cl/COUNT_reg[11]/D
                            (rising edge-triggered cell FDRE clocked by sys_clk_pin  {rise@0.000ns fall@5.000ns period=10.000ns})
  Path Group:             sys_clk_pin
  Path Type:              Hold (Min at Fast Process Corner)
  Requirement:            0.000ns  (sys_clk_pin rise@0.000ns - sys_clk_pin rise@0.000ns)
  Data Path Delay:        0.432ns  (logic 0.249ns (57.658%)  route 0.183ns (42.342%))
  Logic Levels:           1  (CARRY4=1)
  Clock Path Skew:        0.000ns (DCD - SCD - CPR)
    Destination Clock Delay (DCD):    1.991ns
    Source Clock Delay      (SCD):    1.476ns
    Clock Pessimism Removal (CPR):    0.515ns

    Location             Delay type                Incr(ns)  Path(ns)    Netlist Resource(s)
  -------------------------------------------------------------------    -------------------
                         (clock sys_clk_pin rise edge)
                                                      0.000     0.000 r  
    W5                                                0.000     0.000 r  clk (IN)
                         net (fo=0)                   0.000     0.000    clk
    W5                   IBUF (Prop_ibuf_I_O)         0.226     0.226 r  clk_IBUF_inst/O
                         net (fo=1, routed)           0.631     0.858    clk_IBUF
    BUFGCTRL_X0Y0        BUFG (Prop_bufg_I_O)         0.026     0.884 r  clk_IBUF_BUFG_inst/O
                         net (fo=16, routed)          0.593     1.476    cl/clk
    SLICE_X0Y11          FDRE                                         r  cl/COUNT_reg[11]/C
  -------------------------------------------------------------------    -------------------
    SLICE_X0Y11          FDRE (Prop_fdre_C_Q)         0.141     1.617 r  cl/COUNT_reg[11]/Q
                         net (fo=1, routed)           0.183     1.800    cl/COUNT_reg_n_0_[11]
    SLICE_X0Y11          CARRY4 (Prop_carry4_S[3]_O[3])
                                                      0.108     1.908 r  cl/COUNT_reg[8]_i_1/O[3]
                         net (fo=1, routed)           0.000     1.908    cl/COUNT_reg[8]_i_1_n_4
    SLICE_X0Y11          FDRE                                         r  cl/COUNT_reg[11]/D
  -------------------------------------------------------------------    -------------------

                         (clock sys_clk_pin rise edge)
                                                      0.000     0.000 r  
    W5                                                0.000     0.000 r  clk (IN)
                         net (fo=0)                   0.000     0.000    clk
    W5                   IBUF (Prop_ibuf_I_O)         0.414     0.414 r  clk_IBUF_inst/O
                         net (fo=1, routed)           0.685     1.099    clk_IBUF
    BUFGCTRL_X0Y0        BUFG (Prop_bufg_I_O)         0.029     1.128 r  clk_IBUF_BUFG_inst/O
                         net (fo=16, routed)          0.864     1.991    cl/clk
    SLICE_X0Y11          FDRE                                         r  cl/COUNT_reg[11]/C
                         clock pessimism             -0.515     1.476    
    SLICE_X0Y11          FDRE (Hold_fdre_C_D)         0.105     1.581    cl/COUNT_reg[11]
  -------------------------------------------------------------------
                         required time                         -1.581    
                         arrival time                           1.908    
  -------------------------------------------------------------------
                         slack                                  0.327    

Slack (MET) :             0.327ns  (arrival time - required time)
  Source:                 cl/COUNT_reg[3]/C
                            (rising edge-triggered cell FDRE clocked by sys_clk_pin  {rise@0.000ns fall@5.000ns period=10.000ns})
  Destination:            cl/COUNT_reg[3]/D
                            (rising edge-triggered cell FDRE clocked by sys_clk_pin  {rise@0.000ns fall@5.000ns period=10.000ns})
  Path Group:             sys_clk_pin
  Path Type:              Hold (Min at Fast Process Corner)
  Requirement:            0.000ns  (sys_clk_pin rise@0.000ns - sys_clk_pin rise@0.000ns)
  Data Path Delay:        0.432ns  (logic 0.249ns (57.658%)  route 0.183ns (42.342%))
  Logic Levels:           1  (CARRY4=1)
  Clock Path Skew:        0.000ns (DCD - SCD - CPR)
    Destination Clock Delay (DCD):    1.992ns
    Source Clock Delay      (SCD):    1.477ns
    Clock Pessimism Removal (CPR):    0.515ns

    Location             Delay type                Incr(ns)  Path(ns)    Netlist Resource(s)
  -------------------------------------------------------------------    -------------------
                         (clock sys_clk_pin rise edge)
                                                      0.000     0.000 r  
    W5                                                0.000     0.000 r  clk (IN)
                         net (fo=0)                   0.000     0.000    clk
    W5                   IBUF (Prop_ibuf_I_O)         0.226     0.226 r  clk_IBUF_inst/O
                         net (fo=1, routed)           0.631     0.858    clk_IBUF
    BUFGCTRL_X0Y0        BUFG (Prop_bufg_I_O)         0.026     0.884 r  clk_IBUF_BUFG_inst/O
                         net (fo=16, routed)          0.594     1.477    cl/clk
    SLICE_X0Y9           FDRE                                         r  cl/COUNT_reg[3]/C
  -------------------------------------------------------------------    -------------------
    SLICE_X0Y9           FDRE (Prop_fdre_C_Q)         0.141     1.618 r  cl/COUNT_reg[3]/Q
                         net (fo=1, routed)           0.183     1.801    cl/COUNT_reg_n_0_[3]
    SLICE_X0Y9           CARRY4 (Prop_carry4_S[3]_O[3])
                                                      0.108     1.909 r  cl/COUNT_reg[0]_i_1/O[3]
                         net (fo=1, routed)           0.000     1.909    cl/COUNT_reg[0]_i_1_n_4
    SLICE_X0Y9           FDRE                                         r  cl/COUNT_reg[3]/D
  -------------------------------------------------------------------    -------------------

                         (clock sys_clk_pin rise edge)
                                                      0.000     0.000 r  
    W5                                                0.000     0.000 r  clk (IN)
                         net (fo=0)                   0.000     0.000    clk
    W5                   IBUF (Prop_ibuf_I_O)         0.414     0.414 r  clk_IBUF_inst/O
                         net (fo=1, routed)           0.685     1.099    clk_IBUF
    BUFGCTRL_X0Y0        BUFG (Prop_bufg_I_O)         0.029     1.128 r  clk_IBUF_BUFG_inst/O
                         net (fo=16, routed)          0.865     1.992    cl/clk
    SLICE_X0Y9           FDRE                                         r  cl/COUNT_reg[3]/C
                         clock pessimism             -0.515     1.477    
    SLICE_X0Y9           FDRE (Hold_fdre_C_D)         0.105     1.582    cl/COUNT_reg[3]
  -------------------------------------------------------------------
                         required time                         -1.582    
                         arrival time                           1.909    
  -------------------------------------------------------------------
                         slack                                  0.327    

Slack (MET) :             0.327ns  (arrival time - required time)
  Source:                 cl/COUNT_reg[12]/C
                            (rising edge-triggered cell FDRE clocked by sys_clk_pin  {rise@0.000ns fall@5.000ns period=10.000ns})
  Destination:            cl/COUNT_reg[12]/D
                            (rising edge-triggered cell FDRE clocked by sys_clk_pin  {rise@0.000ns fall@5.000ns period=10.000ns})
  Path Group:             sys_clk_pin
  Path Type:              Hold (Min at Fast Process Corner)
  Requirement:            0.000ns  (sys_clk_pin rise@0.000ns - sys_clk_pin rise@0.000ns)
  Data Path Delay:        0.432ns  (logic 0.256ns (59.199%)  route 0.176ns (40.801%))
  Logic Levels:           1  (CARRY4=1)
  Clock Path Skew:        0.000ns (DCD - SCD - CPR)
    Destination Clock Delay (DCD):    1.989ns
    Source Clock Delay      (SCD):    1.475ns
    Clock Pessimism Removal (CPR):    0.514ns

    Location             Delay type                Incr(ns)  Path(ns)    Netlist Resource(s)
  -------------------------------------------------------------------    -------------------
                         (clock sys_clk_pin rise edge)
                                                      0.000     0.000 r  
    W5                                                0.000     0.000 r  clk (IN)
                         net (fo=0)                   0.000     0.000    clk
    W5                   IBUF (Prop_ibuf_I_O)         0.226     0.226 r  clk_IBUF_inst/O
                         net (fo=1, routed)           0.631     0.858    clk_IBUF
    BUFGCTRL_X0Y0        BUFG (Prop_bufg_I_O)         0.026     0.884 r  clk_IBUF_BUFG_inst/O
                         net (fo=16, routed)          0.592     1.475    cl/clk
    SLICE_X0Y12          FDRE                                         r  cl/COUNT_reg[12]/C
  -------------------------------------------------------------------    -------------------
    SLICE_X0Y12          FDRE (Prop_fdre_C_Q)         0.141     1.616 r  cl/COUNT_reg[12]/Q
                         net (fo=1, routed)           0.176     1.793    cl/COUNT_reg_n_0_[12]
    SLICE_X0Y12          CARRY4 (Prop_carry4_S[0]_O[0])
                                                      0.115     1.908 r  cl/COUNT_reg[12]_i_1/O[0]
                         net (fo=1, routed)           0.000     1.908    cl/COUNT_reg[12]_i_1_n_7
    SLICE_X0Y12          FDRE                                         r  cl/COUNT_reg[12]/D
  -------------------------------------------------------------------    -------------------

                         (clock sys_clk_pin rise edge)
                                                      0.000     0.000 r  
    W5                                                0.000     0.000 r  clk (IN)
                         net (fo=0)                   0.000     0.000    clk
    W5                   IBUF (Prop_ibuf_I_O)         0.414     0.414 r  clk_IBUF_inst/O
                         net (fo=1, routed)           0.685     1.099    clk_IBUF
    BUFGCTRL_X0Y0        BUFG (Prop_bufg_I_O)         0.029     1.128 r  clk_IBUF_BUFG_inst/O
                         net (fo=16, routed)          0.862     1.989    cl/clk
    SLICE_X0Y12          FDRE                                         r  cl/COUNT_reg[12]/C
                         clock pessimism             -0.514     1.475    
    SLICE_X0Y12          FDRE (Hold_fdre_C_D)         0.105     1.580    cl/COUNT_reg[12]
  -------------------------------------------------------------------
                         required time                         -1.580    
                         arrival time                           1.908    
  -------------------------------------------------------------------
                         slack                                  0.327    

Slack (MET) :             0.327ns  (arrival time - required time)
  Source:                 cl/COUNT_reg[4]/C
                            (rising edge-triggered cell FDRE clocked by sys_clk_pin  {rise@0.000ns fall@5.000ns period=10.000ns})
  Destination:            cl/COUNT_reg[4]/D
                            (rising edge-triggered cell FDRE clocked by sys_clk_pin  {rise@0.000ns fall@5.000ns period=10.000ns})
  Path Group:             sys_clk_pin
  Path Type:              Hold (Min at Fast Process Corner)
  Requirement:            0.000ns  (sys_clk_pin rise@0.000ns - sys_clk_pin rise@0.000ns)
  Data Path Delay:        0.432ns  (logic 0.256ns (59.199%)  route 0.176ns (40.801%))
  Logic Levels:           1  (CARRY4=1)
  Clock Path Skew:        0.000ns (DCD - SCD - CPR)
    Destination Clock Delay (DCD):    1.991ns
    Source Clock Delay      (SCD):    1.476ns
    Clock Pessimism Removal (CPR):    0.515ns

    Location             Delay type                Incr(ns)  Path(ns)    Netlist Resource(s)
  -------------------------------------------------------------------    -------------------
                         (clock sys_clk_pin rise edge)
                                                      0.000     0.000 r  
    W5                                                0.000     0.000 r  clk (IN)
                         net (fo=0)                   0.000     0.000    clk
    W5                   IBUF (Prop_ibuf_I_O)         0.226     0.226 r  clk_IBUF_inst/O
                         net (fo=1, routed)           0.631     0.858    clk_IBUF
    BUFGCTRL_X0Y0        BUFG (Prop_bufg_I_O)         0.026     0.884 r  clk_IBUF_BUFG_inst/O
                         net (fo=16, routed)          0.593     1.476    cl/clk
    SLICE_X0Y10          FDRE                                         r  cl/COUNT_reg[4]/C
  -------------------------------------------------------------------    -------------------
    SLICE_X0Y10          FDRE (Prop_fdre_C_Q)         0.141     1.617 r  cl/COUNT_reg[4]/Q
                         net (fo=1, routed)           0.176     1.794    cl/COUNT_reg_n_0_[4]
    SLICE_X0Y10          CARRY4 (Prop_carry4_S[0]_O[0])
                                                      0.115     1.909 r  cl/COUNT_reg[4]_i_1/O[0]
                         net (fo=1, routed)           0.000     1.909    cl/COUNT_reg[4]_i_1_n_7
    SLICE_X0Y10          FDRE                                         r  cl/COUNT_reg[4]/D
  -------------------------------------------------------------------    -------------------

                         (clock sys_clk_pin rise edge)
                                                      0.000     0.000 r  
    W5                                                0.000     0.000 r  clk (IN)
                         net (fo=0)                   0.000     0.000    clk
    W5                   IBUF (Prop_ibuf_I_O)         0.414     0.414 r  clk_IBUF_inst/O
                         net (fo=1, routed)           0.685     1.099    clk_IBUF
    BUFGCTRL_X0Y0        BUFG (Prop_bufg_I_O)         0.029     1.128 r  clk_IBUF_BUFG_inst/O
                         net (fo=16, routed)          0.864     1.991    cl/clk
    SLICE_X0Y10          FDRE                                         r  cl/COUNT_reg[4]/C
                         clock pessimism             -0.515     1.476    
    SLICE_X0Y10          FDRE (Hold_fdre_C_D)         0.105     1.581    cl/COUNT_reg[4]
  -------------------------------------------------------------------
                         required time                         -1.581    
                         arrival time                           1.909    
  -------------------------------------------------------------------
                         slack                                  0.327    

Slack (MET) :             0.360ns  (arrival time - required time)
  Source:                 cl/COUNT_reg[0]/C
                            (rising edge-triggered cell FDRE clocked by sys_clk_pin  {rise@0.000ns fall@5.000ns period=10.000ns})
  Destination:            cl/COUNT_reg[1]/D
                            (rising edge-triggered cell FDRE clocked by sys_clk_pin  {rise@0.000ns fall@5.000ns period=10.000ns})
  Path Group:             sys_clk_pin
  Path Type:              Hold (Min at Fast Process Corner)
  Requirement:            0.000ns  (sys_clk_pin rise@0.000ns - sys_clk_pin rise@0.000ns)
  Data Path Delay:        0.465ns  (logic 0.292ns (62.850%)  route 0.173ns (37.150%))
  Logic Levels:           2  (CARRY4=1 LUT1=1)
  Clock Path Skew:        0.000ns (DCD - SCD - CPR)
    Destination Clock Delay (DCD):    1.992ns
    Source Clock Delay      (SCD):    1.477ns
    Clock Pessimism Removal (CPR):    0.515ns

    Location             Delay type                Incr(ns)  Path(ns)    Netlist Resource(s)
  -------------------------------------------------------------------    -------------------
                         (clock sys_clk_pin rise edge)
                                                      0.000     0.000 r  
    W5                                                0.000     0.000 r  clk (IN)
                         net (fo=0)                   0.000     0.000    clk
    W5                   IBUF (Prop_ibuf_I_O)         0.226     0.226 r  clk_IBUF_inst/O
                         net (fo=1, routed)           0.631     0.858    clk_IBUF
    BUFGCTRL_X0Y0        BUFG (Prop_bufg_I_O)         0.026     0.884 r  clk_IBUF_BUFG_inst/O
                         net (fo=16, routed)          0.594     1.477    cl/clk
    SLICE_X0Y9           FDRE                                         r  cl/COUNT_reg[0]/C
  -------------------------------------------------------------------    -------------------
    SLICE_X0Y9           FDRE (Prop_fdre_C_Q)         0.141     1.618 f  cl/COUNT_reg[0]/Q
                         net (fo=1, routed)           0.173     1.791    cl/COUNT_reg_n_0_[0]
    SLICE_X0Y9           LUT1 (Prop_lut1_I0_O)        0.045     1.836 r  cl/COUNT[0]_i_5/O
                         net (fo=1, routed)           0.000     1.836    cl/COUNT[0]_i_5_n_0
    SLICE_X0Y9           CARRY4 (Prop_carry4_S[0]_O[1])
                                                      0.106     1.942 r  cl/COUNT_reg[0]_i_1/O[1]
                         net (fo=1, routed)           0.000     1.942    cl/COUNT_reg[0]_i_1_n_6
    SLICE_X0Y9           FDRE                                         r  cl/COUNT_reg[1]/D
  -------------------------------------------------------------------    -------------------

                         (clock sys_clk_pin rise edge)
                                                      0.000     0.000 r  
    W5                                                0.000     0.000 r  clk (IN)
                         net (fo=0)                   0.000     0.000    clk
    W5                   IBUF (Prop_ibuf_I_O)         0.414     0.414 r  clk_IBUF_inst/O
                         net (fo=1, routed)           0.685     1.099    clk_IBUF
    BUFGCTRL_X0Y0        BUFG (Prop_bufg_I_O)         0.029     1.128 r  clk_IBUF_BUFG_inst/O
                         net (fo=16, routed)          0.865     1.992    cl/clk
    SLICE_X0Y9           FDRE                                         r  cl/COUNT_reg[1]/C
                         clock pessimism             -0.515     1.477    
    SLICE_X0Y9           FDRE (Hold_fdre_C_D)         0.105     1.582    cl/COUNT_reg[1]
  -------------------------------------------------------------------
                         required time                         -1.582    
                         arrival time                           1.942    
  -------------------------------------------------------------------
                         slack                                  0.360    

Slack (MET) :             0.363ns  (arrival time - required time)
  Source:                 cl/COUNT_reg[12]/C
                            (rising edge-triggered cell FDRE clocked by sys_clk_pin  {rise@0.000ns fall@5.000ns period=10.000ns})
  Destination:            cl/COUNT_reg[13]/D
                            (rising edge-triggered cell FDRE clocked by sys_clk_pin  {rise@0.000ns fall@5.000ns period=10.000ns})
  Path Group:             sys_clk_pin
  Path Type:              Hold (Min at Fast Process Corner)
  Requirement:            0.000ns  (sys_clk_pin rise@0.000ns - sys_clk_pin rise@0.000ns)
  Data Path Delay:        0.468ns  (logic 0.292ns (62.334%)  route 0.176ns (37.666%))
  Logic Levels:           1  (CARRY4=1)
  Clock Path Skew:        0.000ns (DCD - SCD - CPR)
    Destination Clock Delay (DCD):    1.989ns
    Source Clock Delay      (SCD):    1.475ns
    Clock Pessimism Removal (CPR):    0.514ns

    Location             Delay type                Incr(ns)  Path(ns)    Netlist Resource(s)
  -------------------------------------------------------------------    -------------------
                         (clock sys_clk_pin rise edge)
                                                      0.000     0.000 r  
    W5                                                0.000     0.000 r  clk (IN)
                         net (fo=0)                   0.000     0.000    clk
    W5                   IBUF (Prop_ibuf_I_O)         0.226     0.226 r  clk_IBUF_inst/O
                         net (fo=1, routed)           0.631     0.858    clk_IBUF
    BUFGCTRL_X0Y0        BUFG (Prop_bufg_I_O)         0.026     0.884 r  clk_IBUF_BUFG_inst/O
                         net (fo=16, routed)          0.592     1.475    cl/clk
    SLICE_X0Y12          FDRE                                         r  cl/COUNT_reg[12]/C
  -------------------------------------------------------------------    -------------------
    SLICE_X0Y12          FDRE (Prop_fdre_C_Q)         0.141     1.616 r  cl/COUNT_reg[12]/Q
                         net (fo=1, routed)           0.176     1.793    cl/COUNT_reg_n_0_[12]
    SLICE_X0Y12          CARRY4 (Prop_carry4_S[0]_O[1])
                                                      0.151     1.944 r  cl/COUNT_reg[12]_i_1/O[1]
                         net (fo=1, routed)           0.000     1.944    cl/COUNT_reg[12]_i_1_n_6
    SLICE_X0Y12          FDRE                                         r  cl/COUNT_reg[13]/D
  -------------------------------------------------------------------    -------------------

                         (clock sys_clk_pin rise edge)
                                                      0.000     0.000 r  
    W5                                                0.000     0.000 r  clk (IN)
                         net (fo=0)                   0.000     0.000    clk
    W5                   IBUF (Prop_ibuf_I_O)         0.414     0.414 r  clk_IBUF_inst/O
                         net (fo=1, routed)           0.685     1.099    clk_IBUF
    BUFGCTRL_X0Y0        BUFG (Prop_bufg_I_O)         0.029     1.128 r  clk_IBUF_BUFG_inst/O
                         net (fo=16, routed)          0.862     1.989    cl/clk
    SLICE_X0Y12          FDRE                                         r  cl/COUNT_reg[13]/C
                         clock pessimism             -0.514     1.475    
    SLICE_X0Y12          FDRE (Hold_fdre_C_D)         0.105     1.580    cl/COUNT_reg[13]
  -------------------------------------------------------------------
                         required time                         -1.580    
                         arrival time                           1.944    
  -------------------------------------------------------------------
                         slack                                  0.363    

Slack (MET) :             0.363ns  (arrival time - required time)
  Source:                 cl/COUNT_reg[4]/C
                            (rising edge-triggered cell FDRE clocked by sys_clk_pin  {rise@0.000ns fall@5.000ns period=10.000ns})
  Destination:            cl/COUNT_reg[5]/D
                            (rising edge-triggered cell FDRE clocked by sys_clk_pin  {rise@0.000ns fall@5.000ns period=10.000ns})
  Path Group:             sys_clk_pin
  Path Type:              Hold (Min at Fast Process Corner)
  Requirement:            0.000ns  (sys_clk_pin rise@0.000ns - sys_clk_pin rise@0.000ns)
  Data Path Delay:        0.468ns  (logic 0.292ns (62.334%)  route 0.176ns (37.666%))
  Logic Levels:           1  (CARRY4=1)
  Clock Path Skew:        0.000ns (DCD - SCD - CPR)
    Destination Clock Delay (DCD):    1.991ns
    Source Clock Delay      (SCD):    1.476ns
    Clock Pessimism Removal (CPR):    0.515ns

    Location             Delay type                Incr(ns)  Path(ns)    Netlist Resource(s)
  -------------------------------------------------------------------    -------------------
                         (clock sys_clk_pin rise edge)
                                                      0.000     0.000 r  
    W5                                                0.000     0.000 r  clk (IN)
                         net (fo=0)                   0.000     0.000    clk
    W5                   IBUF (Prop_ibuf_I_O)         0.226     0.226 r  clk_IBUF_inst/O
                         net (fo=1, routed)           0.631     0.858    clk_IBUF
    BUFGCTRL_X0Y0        BUFG (Prop_bufg_I_O)         0.026     0.884 r  clk_IBUF_BUFG_inst/O
                         net (fo=16, routed)          0.593     1.476    cl/clk
    SLICE_X0Y10          FDRE                                         r  cl/COUNT_reg[4]/C
  -------------------------------------------------------------------    -------------------
    SLICE_X0Y10          FDRE (Prop_fdre_C_Q)         0.141     1.617 r  cl/COUNT_reg[4]/Q
                         net (fo=1, routed)           0.176     1.794    cl/COUNT_reg_n_0_[4]
    SLICE_X0Y10          CARRY4 (Prop_carry4_S[0]_O[1])
                                                      0.151     1.945 r  cl/COUNT_reg[4]_i_1/O[1]
                         net (fo=1, routed)           0.000     1.945    cl/COUNT_reg[4]_i_1_n_6
    SLICE_X0Y10          FDRE                                         r  cl/COUNT_reg[5]/D
  -------------------------------------------------------------------    -------------------

                         (clock sys_clk_pin rise edge)
                                                      0.000     0.000 r  
    W5                                                0.000     0.000 r  clk (IN)
                         net (fo=0)                   0.000     0.000    clk
    W5                   IBUF (Prop_ibuf_I_O)         0.414     0.414 r  clk_IBUF_inst/O
                         net (fo=1, routed)           0.685     1.099    clk_IBUF
    BUFGCTRL_X0Y0        BUFG (Prop_bufg_I_O)         0.029     1.128 r  clk_IBUF_BUFG_inst/O
                         net (fo=16, routed)          0.864     1.991    cl/clk
    SLICE_X0Y10          FDRE                                         r  cl/COUNT_reg[5]/C
                         clock pessimism             -0.515     1.476    
    SLICE_X0Y10          FDRE (Hold_fdre_C_D)         0.105     1.581    cl/COUNT_reg[5]
  -------------------------------------------------------------------
                         required time                         -1.581    
                         arrival time                           1.945    
  -------------------------------------------------------------------
                         slack                                  0.363    

Slack (MET) :             0.400ns  (arrival time - required time)
  Source:                 cl/COUNT_reg[0]/C
                            (rising edge-triggered cell FDRE clocked by sys_clk_pin  {rise@0.000ns fall@5.000ns period=10.000ns})
  Destination:            cl/COUNT_reg[2]/D
                            (rising edge-triggered cell FDRE clocked by sys_clk_pin  {rise@0.000ns fall@5.000ns period=10.000ns})
  Path Group:             sys_clk_pin
  Path Type:              Hold (Min at Fast Process Corner)
  Requirement:            0.000ns  (sys_clk_pin rise@0.000ns - sys_clk_pin rise@0.000ns)
  Data Path Delay:        0.505ns  (logic 0.332ns (65.795%)  route 0.173ns (34.205%))
  Logic Levels:           2  (CARRY4=1 LUT1=1)
  Clock Path Skew:        0.000ns (DCD - SCD - CPR)
    Destination Clock Delay (DCD):    1.992ns
    Source Clock Delay      (SCD):    1.477ns
    Clock Pessimism Removal (CPR):    0.515ns

    Location             Delay type                Incr(ns)  Path(ns)    Netlist Resource(s)
  -------------------------------------------------------------------    -------------------
                         (clock sys_clk_pin rise edge)
                                                      0.000     0.000 r  
    W5                                                0.000     0.000 r  clk (IN)
                         net (fo=0)                   0.000     0.000    clk
    W5                   IBUF (Prop_ibuf_I_O)         0.226     0.226 r  clk_IBUF_inst/O
                         net (fo=1, routed)           0.631     0.858    clk_IBUF
    BUFGCTRL_X0Y0        BUFG (Prop_bufg_I_O)         0.026     0.884 r  clk_IBUF_BUFG_inst/O
                         net (fo=16, routed)          0.594     1.477    cl/clk
    SLICE_X0Y9           FDRE                                         r  cl/COUNT_reg[0]/C
  -------------------------------------------------------------------    -------------------
    SLICE_X0Y9           FDRE (Prop_fdre_C_Q)         0.141     1.618 f  cl/COUNT_reg[0]/Q
                         net (fo=1, routed)           0.173     1.791    cl/COUNT_reg_n_0_[0]
    SLICE_X0Y9           LUT1 (Prop_lut1_I0_O)        0.045     1.836 r  cl/COUNT[0]_i_5/O
                         net (fo=1, routed)           0.000     1.836    cl/COUNT[0]_i_5_n_0
    SLICE_X0Y9           CARRY4 (Prop_carry4_S[0]_O[2])
                                                      0.146     1.982 r  cl/COUNT_reg[0]_i_1/O[2]
                         net (fo=1, routed)           0.000     1.982    cl/COUNT_reg[0]_i_1_n_5
    SLICE_X0Y9           FDRE                                         r  cl/COUNT_reg[2]/D
  -------------------------------------------------------------------    -------------------

                         (clock sys_clk_pin rise edge)
                                                      0.000     0.000 r  
    W5                                                0.000     0.000 r  clk (IN)
                         net (fo=0)                   0.000     0.000    clk
    W5                   IBUF (Prop_ibuf_I_O)         0.414     0.414 r  clk_IBUF_inst/O
                         net (fo=1, routed)           0.685     1.099    clk_IBUF
    BUFGCTRL_X0Y0        BUFG (Prop_bufg_I_O)         0.029     1.128 r  clk_IBUF_BUFG_inst/O
                         net (fo=16, routed)          0.865     1.992    cl/clk
    SLICE_X0Y9           FDRE                                         r  cl/COUNT_reg[2]/C
                         clock pessimism             -0.515     1.477    
    SLICE_X0Y9           FDRE (Hold_fdre_C_D)         0.105     1.582    cl/COUNT_reg[2]
  -------------------------------------------------------------------
                         required time                         -1.582    
                         arrival time                           1.982    
  -------------------------------------------------------------------
                         slack                                  0.400    

Slack (MET) :             0.403ns  (arrival time - required time)
  Source:                 cl/COUNT_reg[12]/C
                            (rising edge-triggered cell FDRE clocked by sys_clk_pin  {rise@0.000ns fall@5.000ns period=10.000ns})
  Destination:            cl/COUNT_reg[14]/D
                            (rising edge-triggered cell FDRE clocked by sys_clk_pin  {rise@0.000ns fall@5.000ns period=10.000ns})
  Path Group:             sys_clk_pin
  Path Type:              Hold (Min at Fast Process Corner)
  Requirement:            0.000ns  (sys_clk_pin rise@0.000ns - sys_clk_pin rise@0.000ns)
  Data Path Delay:        0.508ns  (logic 0.332ns (65.297%)  route 0.176ns (34.703%))
  Logic Levels:           1  (CARRY4=1)
  Clock Path Skew:        0.000ns (DCD - SCD - CPR)
    Destination Clock Delay (DCD):    1.989ns
    Source Clock Delay      (SCD):    1.475ns
    Clock Pessimism Removal (CPR):    0.514ns

    Location             Delay type                Incr(ns)  Path(ns)    Netlist Resource(s)
  -------------------------------------------------------------------    -------------------
                         (clock sys_clk_pin rise edge)
                                                      0.000     0.000 r  
    W5                                                0.000     0.000 r  clk (IN)
                         net (fo=0)                   0.000     0.000    clk
    W5                   IBUF (Prop_ibuf_I_O)         0.226     0.226 r  clk_IBUF_inst/O
                         net (fo=1, routed)           0.631     0.858    clk_IBUF
    BUFGCTRL_X0Y0        BUFG (Prop_bufg_I_O)         0.026     0.884 r  clk_IBUF_BUFG_inst/O
                         net (fo=16, routed)          0.592     1.475    cl/clk
    SLICE_X0Y12          FDRE                                         r  cl/COUNT_reg[12]/C
  -------------------------------------------------------------------    -------------------
    SLICE_X0Y12          FDRE (Prop_fdre_C_Q)         0.141     1.616 r  cl/COUNT_reg[12]/Q
                         net (fo=1, routed)           0.176     1.793    cl/COUNT_reg_n_0_[12]
    SLICE_X0Y12          CARRY4 (Prop_carry4_S[0]_O[2])
                                                      0.191     1.984 r  cl/COUNT_reg[12]_i_1/O[2]
                         net (fo=1, routed)           0.000     1.984    cl/COUNT_reg[12]_i_1_n_5
    SLICE_X0Y12          FDRE                                         r  cl/COUNT_reg[14]/D
  -------------------------------------------------------------------    -------------------

                         (clock sys_clk_pin rise edge)
                                                      0.000     0.000 r  
    W5                                                0.000     0.000 r  clk (IN)
                         net (fo=0)                   0.000     0.000    clk
    W5                   IBUF (Prop_ibuf_I_O)         0.414     0.414 r  clk_IBUF_inst/O
                         net (fo=1, routed)           0.685     1.099    clk_IBUF
    BUFGCTRL_X0Y0        BUFG (Prop_bufg_I_O)         0.029     1.128 r  clk_IBUF_BUFG_inst/O
                         net (fo=16, routed)          0.862     1.989    cl/clk
    SLICE_X0Y12          FDRE                                         r  cl/COUNT_reg[14]/C
                         clock pessimism             -0.514     1.475    
    SLICE_X0Y12          FDRE (Hold_fdre_C_D)         0.105     1.580    cl/COUNT_reg[14]
  -------------------------------------------------------------------
                         required time                         -1.580    
                         arrival time                           1.984    
  -------------------------------------------------------------------
                         slack                                  0.403    





Pulse Width Checks
--------------------------------------------------------------------------------------
Clock Name:         sys_clk_pin
Waveform(ns):       { 0.000 5.000 }
Period(ns):         10.000
Sources:            { clk }

Check Type        Corner  Lib Pin  Reference Pin  Required(ns)  Actual(ns)  Slack(ns)  Location       Pin
Min Period        n/a     BUFG/I   n/a            2.155         10.000      7.845      BUFGCTRL_X0Y0  clk_IBUF_BUFG_inst/I
Min Period        n/a     FDRE/C   n/a            1.000         10.000      9.000      SLICE_X0Y9     cl/COUNT_reg[0]/C
Min Period        n/a     FDRE/C   n/a            1.000         10.000      9.000      SLICE_X0Y11    cl/COUNT_reg[10]/C
Min Period        n/a     FDRE/C   n/a            1.000         10.000      9.000      SLICE_X0Y11    cl/COUNT_reg[11]/C
Min Period        n/a     FDRE/C   n/a            1.000         10.000      9.000      SLICE_X0Y12    cl/COUNT_reg[12]/C
Min Period        n/a     FDRE/C   n/a            1.000         10.000      9.000      SLICE_X0Y12    cl/COUNT_reg[13]/C
Min Period        n/a     FDRE/C   n/a            1.000         10.000      9.000      SLICE_X0Y12    cl/COUNT_reg[14]/C
Min Period        n/a     FDRE/C   n/a            1.000         10.000      9.000      SLICE_X0Y12    cl/COUNT_reg[15]/C
Min Period        n/a     FDRE/C   n/a            1.000         10.000      9.000      SLICE_X0Y9     cl/COUNT_reg[1]/C
Min Period        n/a     FDRE/C   n/a            1.000         10.000      9.000      SLICE_X0Y9     cl/COUNT_reg[2]/C
Low Pulse Width   Fast    FDRE/C   n/a            0.500         5.000       4.500      SLICE_X0Y11    cl/COUNT_reg[10]/C
Low Pulse Width   Fast    FDRE/C   n/a            0.500         5.000       4.500      SLICE_X0Y11    cl/COUNT_reg[11]/C
Low Pulse Width   Fast    FDRE/C   n/a            0.500         5.000       4.500      SLICE_X0Y12    cl/COUNT_reg[12]/C
Low Pulse Width   Fast    FDRE/C   n/a            0.500         5.000       4.500      SLICE_X0Y12    cl/COUNT_reg[13]/C
Low Pulse Width   Fast    FDRE/C   n/a            0.500         5.000       4.500      SLICE_X0Y12    cl/COUNT_reg[14]/C
Low Pulse Width   Fast    FDRE/C   n/a            0.500         5.000       4.500      SLICE_X0Y12    cl/COUNT_reg[15]/C
Low Pulse Width   Fast    FDRE/C   n/a            0.500         5.000       4.500      SLICE_X0Y10    cl/COUNT_reg[4]/C
Low Pulse Width   Fast    FDRE/C   n/a            0.500         5.000       4.500      SLICE_X0Y10    cl/COUNT_reg[5]/C
Low Pulse Width   Fast    FDRE/C   n/a            0.500         5.000       4.500      SLICE_X0Y10    cl/COUNT_reg[6]/C
Low Pulse Width   Fast    FDRE/C   n/a            0.500         5.000       4.500      SLICE_X0Y10    cl/COUNT_reg[7]/C
High Pulse Width  Fast    FDRE/C   n/a            0.500         5.000       4.500      SLICE_X0Y9     cl/COUNT_reg[0]/C
High Pulse Width  Slow    FDRE/C   n/a            0.500         5.000       4.500      SLICE_X0Y12    cl/COUNT_reg[12]/C
High Pulse Width  Fast    FDRE/C   n/a            0.500         5.000       4.500      SLICE_X0Y12    cl/COUNT_reg[12]/C
High Pulse Width  Slow    FDRE/C   n/a            0.500         5.000       4.500      SLICE_X0Y12    cl/COUNT_reg[13]/C
High Pulse Width  Fast    FDRE/C   n/a            0.500         5.000       4.500      SLICE_X0Y12    cl/COUNT_reg[13]/C
High Pulse Width  Slow    FDRE/C   n/a            0.500         5.000       4.500      SLICE_X0Y12    cl/COUNT_reg[14]/C
High Pulse Width  Fast    FDRE/C   n/a            0.500         5.000       4.500      SLICE_X0Y12    cl/COUNT_reg[14]/C
High Pulse Width  Slow    FDRE/C   n/a            0.500         5.000       4.500      SLICE_X0Y12    cl/COUNT_reg[15]/C
High Pulse Width  Fast    FDRE/C   n/a            0.500         5.000       4.500      SLICE_X0Y12    cl/COUNT_reg[15]/C
High Pulse Width  Fast    FDRE/C   n/a            0.500         5.000       4.500      SLICE_X0Y9     cl/COUNT_reg[1]/C



