Unable to capture context for thread 4956 in process 14524, can not generate back trace
Exception at PC 0x00007FFE6F6ABB93
Printing stacktrace...

[0]  [0x00007FFE6F6ABB93]
[1]  [0x00007FFE6F6ABB93]
[2]  [0x00007FFE6F6AB4A1]
[3]  [0x00007FFE6F6AB3EF]
[4]  [0x00007FFE6F6919FE]
[5]  [0x00007FFE6F690ED1]
[6]  [0x00007FFE6F690D76]
[7]  [0x00007FFE6F6379F6]
[8]  [0x00007FFE6F627AFB]
[9]  [0x00007FFE6F74E90A]
[10]  [0x00007FFE6F769F87]
[11]  [0x00007FFE6F76A05F]
[12] (BaseThreadInitThunk+0x14) [0x00007FFEE5B02774]
[13] (RtlUserThreadStart+0x21) [0x00007FFEE63F0D51]
Done
Exception at PC 0x00007FFE6F3B1A52
Attemped to write at address 0x00007FFE9C25ABA4
Printing stacktrace...

[0]  [0x00007FFE6F3B1A52]
[1]  [0x00007FFE6F3B1A52]
[2]  [0x00007FFE6F3B1AD4]
[3]  [0x00007FFE6F4F3FF7]
[4]  [0x00007FFE6F3D9128]
[5]  [0x00007FFE6F68DFB9]
[6]  [0x00007FFE6F85EF23]
[7]  [0x00007FFE6F76B06B]
[8]  [0x00007FFE6F7608AF]
[9]  [0x00007FFE6F760A32]
[10] (RtlDeactivateActivationContextUnsafeFast+0x1af) [0x00007FFEE63A485F]
[11] (LdrShutdownProcess+0x12c) [0x00007FFEE63CD43C]
[12] (RtlExitUserProcess+0xb4) [0x00007FFEE63CD2F4]
[13] (FatalExit+0xa) [0x00007FFEE5B0C0DA]
[14] (exit+0x75) [0x00007FFEE5E5A045]
[15] (initterm_e+0x21d) [0x00007FFEE5E5A68D]
[16]  [0x00000000004014CD]
[17]  [0x000000000040151B]
[18] (BaseThreadInitThunk+0x14) [0x00007FFEE5B02774]
[19] (RtlUserThreadStart+0x21) [0x00007FFEE63F0D51]
Done
